2011-05-31 16:10:15 Notice: Notice (1024): Please change the value of 'Security.salt' in app/config/core.php to a salt value specific to your application in [/home/siteat/public_html/cake/libs/debugger.php, line 684]
2011-05-31 16:10:15 Notice: Notice (1024): Please change the value of 'Security.cipherSeed' in app/config/core.php to a numeric (digits only) seed value specific to your application in [/home/siteat/public_html/cake/libs/debugger.php, line 688]
2011-05-31 16:10:16 Notice: Notice (1024): Please change the value of 'Security.salt' in app/config/core.php to a salt value specific to your application in [/home/siteat/public_html/cake/libs/debugger.php, line 684]
2011-05-31 16:10:16 Notice: Notice (1024): Please change the value of 'Security.cipherSeed' in app/config/core.php to a numeric (digits only) seed value specific to your application in [/home/siteat/public_html/cake/libs/debugger.php, line 688]
2011-05-31 16:10:17 Notice: Notice (1024): Please change the value of 'Security.salt' in app/config/core.php to a salt value specific to your application in [/home/siteat/public_html/cake/libs/debugger.php, line 684]
2011-05-31 16:10:17 Notice: Notice (1024): Please change the value of 'Security.cipherSeed' in app/config/core.php to a numeric (digits only) seed value specific to your application in [/home/siteat/public_html/cake/libs/debugger.php, line 688]
2011-05-31 16:12:59 Notice: Notice (1024): Please change the value of 'Security.salt' in app/config/core.php to a salt value specific to your application in [/home/siteat/public_html/cake/libs/debugger.php, line 684]
2011-05-31 16:12:59 Notice: Notice (1024): Please change the value of 'Security.cipherSeed' in app/config/core.php to a numeric (digits only) seed value specific to your application in [/home/siteat/public_html/cake/libs/debugger.php, line 688]
2011-05-31 16:13:02 Notice: Notice (1024): Please change the value of 'Security.salt' in app/config/core.php to a salt value specific to your application in [/home/siteat/public_html/cake/libs/debugger.php, line 684]
2011-05-31 16:13:02 Notice: Notice (1024): Please change the value of 'Security.cipherSeed' in app/config/core.php to a numeric (digits only) seed value specific to your application in [/home/siteat/public_html/cake/libs/debugger.php, line 688]
2011-05-31 16:13:02 Notice: Notice (1024): Please change the value of 'Security.salt' in app/config/core.php to a salt value specific to your application in [/home/siteat/public_html/cake/libs/debugger.php, line 684]
2011-05-31 16:13:02 Notice: Notice (1024): Please change the value of 'Security.cipherSeed' in app/config/core.php to a numeric (digits only) seed value specific to your application in [/home/siteat/public_html/cake/libs/debugger.php, line 688]
2011-05-31 16:13:02 Notice: Notice (1024): Please change the value of 'Security.salt' in app/config/core.php to a salt value specific to your application in [/home/siteat/public_html/cake/libs/debugger.php, line 684]
2011-05-31 16:13:02 Notice: Notice (1024): Please change the value of 'Security.cipherSeed' in app/config/core.php to a numeric (digits only) seed value specific to your application in [/home/siteat/public_html/cake/libs/debugger.php, line 688]
2011-05-31 16:15:04 Notice: Notice (1024): Please change the value of 'Security.salt' in app/config/core.php to a salt value specific to your application in [/home/siteat/public_html/cake/libs/debugger.php, line 684]
2011-05-31 16:15:04 Notice: Notice (1024): Please change the value of 'Security.cipherSeed' in app/config/core.php to a numeric (digits only) seed value specific to your application in [/home/siteat/public_html/cake/libs/debugger.php, line 688]
2011-05-31 16:20:21 Notice: Notice (1024): Please change the value of 'Security.salt' in app/config/core.php to a salt value specific to your application in [/home/siteat/public_html/cake/libs/debugger.php, line 684]
2011-05-31 16:20:21 Notice: Notice (1024): Please change the value of 'Security.cipherSeed' in app/config/core.php to a numeric (digits only) seed value specific to your application in [/home/siteat/public_html/cake/libs/debugger.php, line 688]
2011-05-31 16:22:51 Notice: Notice (1024): Please change the value of 'Security.salt' in app/config/core.php to a salt value specific to your application in [/home/siteat/public_html/cake/libs/debugger.php, line 684]
2011-06-01 00:15:54 Notice: Notice (8): Undefined index:  id in [/home/siteat/public_html/cake/libs/model/model.php, line 1329]
2011-06-01 00:16:44 Notice: Notice (8): Undefined index:  id in [/home/siteat/public_html/cake/libs/model/model.php, line 1329]
2011-06-01 00:16:53 Notice: Notice (8): Undefined index:  id in [/home/siteat/public_html/cake/libs/view/scaffolds/index.ctp, line 55]
2011-06-01 00:16:53 Notice: Notice (8): Undefined index:  id in [/home/siteat/public_html/cake/libs/view/scaffolds/index.ctp, line 56]
2011-06-01 00:16:53 Notice: Notice (8): Undefined index:  id in [/home/siteat/public_html/cake/libs/view/scaffolds/index.ctp, line 57]
2011-06-01 00:17:04 Notice: Notice (8): Undefined index:  id in [/home/siteat/public_html/cake/libs/view/scaffolds/index.ctp, line 55]
2011-06-01 00:17:04 Notice: Notice (8): Undefined index:  id in [/home/siteat/public_html/cake/libs/view/scaffolds/index.ctp, line 56]
2011-06-01 00:17:04 Notice: Notice (8): Undefined index:  id in [/home/siteat/public_html/cake/libs/view/scaffolds/index.ctp, line 57]
2011-06-01 00:17:12 Notice: Notice (8): Undefined index:  id in [/home/siteat/public_html/cake/libs/view/scaffolds/index.ctp, line 55]
2011-06-01 00:17:12 Notice: Notice (8): Undefined index:  id in [/home/siteat/public_html/cake/libs/view/scaffolds/index.ctp, line 56]
2011-06-01 00:17:12 Notice: Notice (8): Undefined index:  id in [/home/siteat/public_html/cake/libs/view/scaffolds/index.ctp, line 57]
2011-06-01 00:17:15 Notice: Notice (8): Undefined index:  id in [/home/siteat/public_html/cake/libs/view/scaffolds/index.ctp, line 55]
2011-06-01 00:17:15 Notice: Notice (8): Undefined index:  id in [/home/siteat/public_html/cake/libs/view/scaffolds/index.ctp, line 56]
2011-06-01 00:17:15 Notice: Notice (8): Undefined index:  id in [/home/siteat/public_html/cake/libs/view/scaffolds/index.ctp, line 57]
2011-06-01 00:20:35 Notice: Notice (8): Undefined index:  id in [/home/siteat/public_html/cake/libs/view/scaffolds/index.ctp, line 55]
2011-06-01 00:20:35 Notice: Notice (8): Undefined index:  id in [/home/siteat/public_html/cake/libs/view/scaffolds/index.ctp, line 56]
2011-06-01 00:20:35 Notice: Notice (8): Undefined index:  id in [/home/siteat/public_html/cake/libs/view/scaffolds/index.ctp, line 57]
2011-06-01 00:20:58 Notice: Notice (8): Undefined index:  id in [/home/siteat/public_html/cake/libs/model/model.php, line 1329]
2011-06-01 00:23:11 Notice: Notice (8): Undefined index:  id in [/home/siteat/public_html/cake/libs/view/scaffolds/index.ctp, line 55]
2011-06-01 00:23:11 Notice: Notice (8): Undefined index:  id in [/home/siteat/public_html/cake/libs/view/scaffolds/index.ctp, line 56]
2011-06-01 00:23:11 Notice: Notice (8): Undefined index:  id in [/home/siteat/public_html/cake/libs/view/scaffolds/index.ctp, line 57]
2011-06-01 00:23:50 Notice: Notice (8): Undefined index:  id in [/home/siteat/public_html/cake/libs/model/model.php, line 1329]
2011-06-01 00:23:54 Notice: Notice (8): Undefined index:  id in [/home/siteat/public_html/cake/libs/model/model.php, line 1329]
2011-06-01 00:24:00 Notice: Notice (8): Undefined index:  id in [/home/siteat/public_html/cake/libs/view/scaffolds/index.ctp, line 55]
2011-06-01 00:24:00 Notice: Notice (8): Undefined index:  id in [/home/siteat/public_html/cake/libs/view/scaffolds/index.ctp, line 56]
2011-06-01 00:24:00 Notice: Notice (8): Undefined index:  id in [/home/siteat/public_html/cake/libs/view/scaffolds/index.ctp, line 57]
2011-06-01 00:24:20 Notice: Notice (8): Undefined index:  id in [/home/siteat/public_html/cake/libs/view/scaffolds/index.ctp, line 55]
2011-06-01 00:24:20 Notice: Notice (8): Undefined index:  id in [/home/siteat/public_html/cake/libs/view/scaffolds/index.ctp, line 56]
2011-06-01 00:24:20 Notice: Notice (8): Undefined index:  id in [/home/siteat/public_html/cake/libs/view/scaffolds/index.ctp, line 57]
2011-06-01 00:24:26 Notice: Notice (8): Undefined index:  id in [/home/siteat/public_html/cake/libs/view/scaffolds/index.ctp, line 55]
2011-06-01 00:24:26 Notice: Notice (8): Undefined index:  id in [/home/siteat/public_html/cake/libs/view/scaffolds/index.ctp, line 56]
2011-06-01 00:24:26 Notice: Notice (8): Undefined index:  id in [/home/siteat/public_html/cake/libs/view/scaffolds/index.ctp, line 57]
2011-06-01 13:07:57 Notice: Notice (8): Undefined index:  id in [/home/siteat/public_html/cake/libs/view/scaffolds/index.ctp, line 55]
2011-06-01 13:07:57 Notice: Notice (8): Undefined index:  id in [/home/siteat/public_html/cake/libs/view/scaffolds/index.ctp, line 56]
2011-06-01 13:07:57 Notice: Notice (8): Undefined index:  id in [/home/siteat/public_html/cake/libs/view/scaffolds/index.ctp, line 57]
2011-06-01 13:08:02 Notice: Notice (8): Undefined index:  id in [/home/siteat/public_html/cake/libs/view/scaffolds/index.ctp, line 55]
2011-06-01 13:08:02 Notice: Notice (8): Undefined index:  id in [/home/siteat/public_html/cake/libs/view/scaffolds/index.ctp, line 56]
2011-06-01 13:08:02 Notice: Notice (8): Undefined index:  id in [/home/siteat/public_html/cake/libs/view/scaffolds/index.ctp, line 57]
2011-06-01 13:10:27 Notice: Notice (8): Undefined index:  id in [/home/siteat/public_html/cake/libs/view/scaffolds/index.ctp, line 55]
2011-06-01 13:10:27 Notice: Notice (8): Undefined index:  id in [/home/siteat/public_html/cake/libs/view/scaffolds/index.ctp, line 56]
2011-06-01 13:10:27 Notice: Notice (8): Undefined index:  id in [/home/siteat/public_html/cake/libs/view/scaffolds/index.ctp, line 57]
2011-06-01 13:17:07 Notice: Notice (8): Undefined index:  id in [/home/siteat/public_html/cake/libs/view/scaffolds/index.ctp, line 55]
2011-06-01 13:17:07 Notice: Notice (8): Undefined index:  id in [/home/siteat/public_html/cake/libs/view/scaffolds/index.ctp, line 56]
2011-06-01 13:17:07 Notice: Notice (8): Undefined index:  id in [/home/siteat/public_html/cake/libs/view/scaffolds/index.ctp, line 57]
2011-06-01 13:17:40 Notice: Notice (8): Undefined index:  id in [/home/siteat/public_html/cake/libs/model/model.php, line 1329]
2011-06-01 13:34:07 Notice: Notice (8): Undefined property: ProvinciasController::$Provincias in [/home/siteat/public_html/app/controllers/provincias_controller.php, line 7]
2011-06-01 16:06:59 Notice: Notice (8): Undefined index:  id in [/home/siteat/public_html/cake/libs/view/scaffolds/index.ctp, line 55]
2011-06-01 16:06:59 Notice: Notice (8): Undefined index:  id in [/home/siteat/public_html/cake/libs/view/scaffolds/index.ctp, line 56]
2011-06-01 16:06:59 Notice: Notice (8): Undefined index:  id in [/home/siteat/public_html/cake/libs/view/scaffolds/index.ctp, line 57]
2011-06-01 16:11:44 Notice: Notice (8): Undefined index:  pais in [/home/siteat/public_html/app/views/provincias/index.ctp, line 9]
2011-06-01 16:12:01 Notice: Notice (8): Undefined index:  paises in [/home/siteat/public_html/app/views/provincias/index.ctp, line 9]
2011-06-01 16:12:41 Notice: Notice (8): Undefined index:  paises in [/home/siteat/public_html/app/views/provincias/index.ctp, line 9]
2011-06-01 16:12:47 Notice: Notice (8): Undefined index:  id in [/home/siteat/public_html/cake/libs/view/scaffolds/index.ctp, line 55]
2011-06-01 16:12:47 Notice: Notice (8): Undefined index:  id in [/home/siteat/public_html/cake/libs/view/scaffolds/index.ctp, line 56]
2011-06-01 16:12:47 Notice: Notice (8): Undefined index:  id in [/home/siteat/public_html/cake/libs/view/scaffolds/index.ctp, line 57]
2011-06-01 16:14:15 Notice: Notice (8): Undefined index:  id in [/home/siteat/public_html/cake/libs/view/scaffolds/index.ctp, line 55]
2011-06-01 16:14:15 Notice: Notice (8): Undefined index:  id in [/home/siteat/public_html/cake/libs/view/scaffolds/index.ctp, line 56]
2011-06-01 16:14:15 Notice: Notice (8): Undefined index:  id in [/home/siteat/public_html/cake/libs/view/scaffolds/index.ctp, line 57]
2011-06-01 16:14:38 Notice: Notice (8): Undefined property: PaisesController::$Pais in [/home/siteat/public_html/app/controllers/paises_controller.php, line 8]
2011-06-01 16:15:39 Notice: Notice (8): Undefined property: PaisesController::$Pais in [/home/siteat/public_html/app/controllers/paises_controller.php, line 9]
2011-06-01 16:16:01 Notice: Notice (8): Undefined variable: provincias in [/home/siteat/public_html/app/views/paises/index.ctp, line 6]
2011-06-01 16:17:10 Notice: Notice (8): Undefined index:  paise in [/home/siteat/public_html/app/views/paises/index.ctp, line 8]
2011-06-03 11:47:22 Notice: Notice (8): Undefined property: PaisesController::$Pais in [/home/siteat/public_html/app/controllers/paises_controller.php, line 9]
2011-06-03 11:49:09 Notice: Notice (8): Undefined index:  Pais in [/home/siteat/public_html/app/views/paises/index.ctp, line 8]
2011-06-03 11:49:43 Notice: Notice (8): Undefined index:  Pais in [/home/siteat/public_html/app/views/paises/index.ctp, line 8]
2011-06-03 11:50:28 Notice: Notice (8): Undefined index:  paises in [/home/siteat/public_html/app/views/paises/index.ctp, line 8]
2011-06-03 11:50:42 Notice: Notice (8): Undefined index:  paises in [/home/siteat/public_html/app/views/paises/index.ctp, line 8]
2011-06-03 11:51:01 Notice: Notice (8): Undefined index:  paises in [/home/siteat/public_html/app/views/paises/index.ctp, line 8]
2011-06-03 14:12:58 Notice: Notice (8): Undefined index:  Pais in [/home/siteat/public_html/app/views/paises/index.ctp, line 11]
2011-06-03 14:35:05 Notice: Notice (8): Use of undefined constant VALID_NOT_EMPTY - assumed 'VALID_NOT_EMPTY' in [/home/siteat/public_html/cake/libs/class_registry.php, line 142]
2011-06-03 14:36:03 Notice: Notice (8): Use of undefined constant VALID_NOT_EMPTY - assumed 'VALID_NOT_EMPTY' in [/home/siteat/public_html/cake/libs/class_registry.php, line 142]
2011-06-03 14:39:26 Notice: Notice (8): Use of undefined constant VALID_NOT_EMPTY - assumed 'VALID_NOT_EMPTY' in [/home/siteat/public_html/cake/libs/class_registry.php, line 142]
2011-06-03 15:08:44 Notice: Notice (8): Undefined variable: paises in [/home/siteat/public_html/app/views/paises/delete.ctp, line 7]
2011-06-03 17:38:45 Notice: Notice (8): Undefined variable: provincias in [/home/siteat/public_html/app/views/pages/home.ctp, line 6]
2011-06-04 01:16:03 Notice: Notice (8): Undefined variable: paises in [/home/siteat/public_html/app/views/paises/view.ctp, line 8]
2011-06-04 01:16:44 Notice: Notice (8): Undefined index:  Pais in [/home/siteat/public_html/app/views/paises/view.ctp, line 10]
2011-06-04 01:16:44 Notice: Notice (8): Undefined index:  Pais in [/home/siteat/public_html/app/views/paises/view.ctp, line 11]
2011-06-04 01:16:44 Notice: Notice (8): Undefined index:  Pais in [/home/siteat/public_html/app/views/paises/view.ctp, line 13]
2011-06-04 01:16:44 Notice: Notice (8): Undefined index:  Pais in [/home/siteat/public_html/app/views/paises/view.ctp, line 14]
2011-06-04 01:17:58 Notice: Notice (8): Undefined variable: pais in [/home/siteat/public_html/app/views/paises/view.ctp, line 10]
2011-06-04 01:17:58 Notice: Notice (8): Undefined variable: pais in [/home/siteat/public_html/app/views/paises/view.ctp, line 11]
2011-06-04 01:17:58 Notice: Notice (8): Undefined variable: pais in [/home/siteat/public_html/app/views/paises/view.ctp, line 13]
2011-06-04 01:17:58 Notice: Notice (8): Undefined variable: pais in [/home/siteat/public_html/app/views/paises/view.ctp, line 14]
2011-06-04 01:19:11 Notice: Notice (8): Undefined variable: pais in [/home/siteat/public_html/app/views/paises/view.ctp, line 13]
2011-06-04 01:19:11 Notice: Notice (8): Undefined variable: pais in [/home/siteat/public_html/app/views/paises/view.ctp, line 14]
2011-06-04 01:19:48 Notice: Notice (8): Undefined variable: pais in [/home/siteat/public_html/app/views/paises/view.ctp, line 13]
2011-06-04 01:19:48 Notice: Notice (8): Undefined variable: pais in [/home/siteat/public_html/app/views/paises/view.ctp, line 14]
2011-06-12 14:47:50 Notice: Notice (8): Undefined property: CodigosPostalesController::$Pais in [/home/siteat/public_html/app/controllers/codigospostales_controller.php, line 8]
2011-06-12 14:47:55 Notice: Notice (8): Undefined property: CodigosPostalesController::$Pais in [/home/siteat/public_html/app/controllers/codigospostales_controller.php, line 8]
2011-06-12 14:48:22 Notice: Notice (8): Undefined property: CodigosPostalesController::$CodigoPostal in [/home/siteat/public_html/app/controllers/codigospostales_controller.php, line 8]
2011-06-12 14:49:36 Notice: Notice (8): Undefined property: CodigosPostalesController::$codigo in [/home/siteat/public_html/app/controllers/codigospostales_controller.php, line 8]
2011-06-12 14:49:59 Notice: Notice (8): Undefined property: CodigosPostalesController::$CodigoPostal in [/home/siteat/public_html/app/controllers/codigospostales_controller.php, line 8]
2011-06-12 14:52:23 Notice: Notice (8): Undefined property: CodigosPostalesController::$CodigoPostal in [/home/siteat/public_html/app/controllers/codigospostales_controller.php, line 8]
2011-06-12 14:53:57 Notice: Notice (8): Undefined property: CodigosPostalesController::$CodigoPostal in [/home/siteat/public_html/app/controllers/codigospostales_controller.php, line 8]
2011-06-12 15:13:12 Notice: Notice (8): Undefined variable: paises in [/home/siteat/public_html/app/views/codigos_postales/index.ctp, line 8]
2011-06-12 15:31:36 Notice: Notice (8): Undefined index:  provincia in [/home/siteat/public_html/app/views/codigos_postales/index.ctp, line 13]
2011-06-12 15:31:37 Notice: Notice (8): Undefined index:  provincia in [/home/siteat/public_html/app/views/codigos_postales/index.ctp, line 13]
2011-06-12 15:34:59 Notice: Notice (8): Undefined index:  provincia in [/home/siteat/public_html/app/views/codigos_postales/index.ctp, line 13]
2011-06-12 15:35:06 Notice: Notice (8): Undefined index:  provincia in [/home/siteat/public_html/app/views/codigos_postales/index.ctp, line 13]
2011-06-12 15:35:08 Notice: Notice (8): Undefined index:  provincia in [/home/siteat/public_html/app/views/codigos_postales/index.ctp, line 13]
2011-06-12 15:35:09 Notice: Notice (8): Undefined property: CodigosPostalesController::$CodigoPostal in [/home/siteat/public_html/app/controllers/codigospostales_controller.php, line 18]
2011-06-12 15:35:26 Notice: Notice (8): Undefined property: CodigosPostalesController::$CodigoPostal in [/home/siteat/public_html/app/controllers/codigospostales_controller.php, line 18]
2011-06-12 15:35:50 Notice: Notice (8): Undefined variable: paises in [/home/siteat/public_html/app/views/codigos_postales/view.ctp, line 6]
2011-06-12 15:36:02 Notice: Notice (8): Undefined index:  provincia in [/home/siteat/public_html/app/views/codigos_postales/index.ctp, line 13]
2011-06-12 15:36:02 Notice: Notice (8): Undefined variable: paises in [/home/siteat/public_html/app/views/codigos_postales/view.ctp, line 6]
2011-06-12 15:38:10 Notice: Notice (8): Undefined index:  provincia in [/home/siteat/public_html/app/views/codigos_postales/index.ctp, line 13]
2011-06-12 15:41:11 Notice: Notice (8): Undefined index:  provincia in [/home/siteat/public_html/app/views/codigos_postales/index.ctp, line 13]
2011-06-16 17:11:18 Notice: Notice (8): Undefined index:  provincia in [/home/siteat/public_html/app/views/codigos_postales/index.ctp, line 13]
2011-06-16 17:11:18 Notice: Notice (8): Undefined index:  provincia in [/home/siteat/public_html/app/views/codigos_postales/index.ctp, line 13]
2011-06-16 17:15:16 Notice: Notice (8): Undefined property: CodigosPostalesController::$Pais in [/home/siteat/public_html/app/controllers/codigospostales_controller.php, line 27]
2011-06-16 17:16:20 Notice: Notice (8): Undefined property: CodigosPostalesController::$Pais in [/home/siteat/public_html/app/controllers/codigospostales_controller.php, line 27]
2011-06-16 17:24:16 Notice: Notice (8): Undefined property: CodigosPostalesController::$Pais in [/home/siteat/public_html/app/controllers/codigospostales_controller.php, line 43]
2011-06-16 17:26:54 Notice: Notice (8): Undefined property: CodigosPostalesController::$CodigoPostal in [/home/siteat/public_html/app/controllers/codigospostales_controller.php, line 51]
2011-06-16 17:33:44 Notice: Notice (8): Undefined property: CodigosPostalesController::$Provincia in [/home/siteat/public_html/app/controllers/codigospostales_controller.php, line 50]
2011-06-16 17:35:08 Notice: Notice (8): Undefined property: CodigosPostalesController::$Provincia in [/home/siteat/public_html/app/controllers/codigospostales_controller.php, line 50]
2011-06-16 17:36:03 Notice: Notice (8): Undefined property: CodigosPostalesController::$Provincia in [/home/siteat/public_html/app/controllers/codigospostales_controller.php, line 50]
2011-06-16 17:36:05 Notice: Notice (8): Undefined property: CodigosPostalesController::$Provincia in [/home/siteat/public_html/app/controllers/codigospostales_controller.php, line 50]
2011-06-16 17:36:11 Notice: Notice (8): Undefined property: CodigosPostalesController::$Provincia in [/home/siteat/public_html/app/controllers/codigospostales_controller.php, line 50]
2011-06-16 17:37:48 Notice: Notice (8): Undefined property: CodigosPostalesController::$CodigoPostal in [/home/siteat/public_html/app/controllers/codigospostales_controller.php, line 52]
2011-06-16 17:39:56 Notice: Notice (8): Undefined property: View::$Provincia in [/home/siteat/public_html/app/views/codigos_postales/add.ctp, line 6]
2011-06-16 17:57:38 Notice: Notice (8): Undefined property: CodigosPostalesController::$Provincia in [/home/siteat/public_html/app/controllers/codigospostales_controller.php, line 50]
2011-06-16 17:57:57 Notice: Notice (8): Undefined property: CodigosPostalesController::$CodigoPostal in [/home/siteat/public_html/app/controllers/codigospostales_controller.php, line 50]
2011-06-16 18:01:24 Notice: Notice (8): Undefined property: CodigosPostalesController::$CodigoPostal in [/home/siteat/public_html/app/controllers/codigospostales_controller.php, line 50]
2011-06-16 18:03:48 Notice: Notice (8): Undefined property: CodigosPostalesController::$CodigoPostal in [/home/siteat/public_html/app/controllers/codigospostales_controller.php, line 50]
2011-06-16 18:03:48 Notice: Notice (8): Trying to get property of non-object in [/home/siteat/public_html/app/controllers/codigospostales_controller.php, line 50]
2011-06-16 18:04:13 Notice: Notice (8): Undefined property: CodigosPostalesController::$Provincia in [/home/siteat/public_html/app/controllers/codigospostales_controller.php, line 50]
2011-06-16 18:04:22 Notice: Notice (8): Undefined property: CodigosPostalesController::$Provincias in [/home/siteat/public_html/app/controllers/codigospostales_controller.php, line 50]
2011-06-16 18:04:29 Notice: Notice (8): Undefined property: CodigosPostalesController::$ProvinciasController in [/home/siteat/public_html/app/controllers/codigospostales_controller.php, line 50]
2011-06-16 18:05:06 Notice: Notice (8): Undefined property: CodigosPostalesController::$CodigoPostal in [/home/siteat/public_html/app/controllers/codigospostales_controller.php, line 53]
2011-06-16 18:12:04 Notice: Notice (8): Undefined index:  provincia_id in [/home/siteat/public_html/app/views/codigos_postales/index.ctp, line 13]
2011-06-16 18:17:49 Notice: Notice (8): Undefined variable: CodPos in [/home/siteat/public_html/app/views/codigos_postales/view.ctp, line 8]
2011-06-16 18:18:39 Notice: Notice (8): Undefined index:  Nombre in [/home/siteat/public_html/app/views/codigos_postales/view.ctp, line 12]
2011-08-10 10:30:09 Notice: Notice (8): Undefined variable: ruta in [/home/siteat/public_html/app/views/layouts/default.ctp, line 42]
2011-08-10 16:54:03 Notice: Notice (8): Undefined index:  Codigopostal in [/home/siteat/public_html/cake/libs/view/scaffolds/index.ctp, line 50]
2011-08-10 16:54:03 Notice: Notice (8): Undefined index:  Codigopostal in [/home/siteat/public_html/cake/libs/view/scaffolds/index.ctp, line 55]
2011-08-10 16:54:03 Notice: Notice (8): Undefined index:  Codigopostal in [/home/siteat/public_html/cake/libs/view/scaffolds/index.ctp, line 56]
2011-08-10 16:54:03 Notice: Notice (8): Undefined index:  Codigopostal in [/home/siteat/public_html/cake/libs/view/scaffolds/index.ctp, line 57]
2011-08-10 16:54:59 Notice: Notice (8): Undefined index:  Codigopostal in [/home/siteat/public_html/cake/libs/view/scaffolds/index.ctp, line 50]
2011-08-10 16:54:59 Notice: Notice (8): Undefined index:  Codigopostal in [/home/siteat/public_html/cake/libs/view/scaffolds/index.ctp, line 55]
2011-08-10 16:54:59 Notice: Notice (8): Undefined index:  Codigopostal in [/home/siteat/public_html/cake/libs/view/scaffolds/index.ctp, line 56]
2011-08-10 16:54:59 Notice: Notice (8): Undefined index:  Codigopostal in [/home/siteat/public_html/cake/libs/view/scaffolds/index.ctp, line 57]
2011-08-10 16:55:11 Notice: Notice (8): Undefined index:  Codigopostal in [/home/siteat/public_html/cake/libs/view/scaffolds/index.ctp, line 50]
2011-08-10 16:55:11 Notice: Notice (8): Undefined index:  Codigopostal in [/home/siteat/public_html/cake/libs/view/scaffolds/index.ctp, line 55]
2011-08-10 16:55:11 Notice: Notice (8): Undefined index:  Codigopostal in [/home/siteat/public_html/cake/libs/view/scaffolds/index.ctp, line 56]
2011-08-10 16:55:11 Notice: Notice (8): Undefined index:  Codigopostal in [/home/siteat/public_html/cake/libs/view/scaffolds/index.ctp, line 57]
2011-08-10 16:56:26 Notice: Notice (8): Undefined index:  Codigopostal in [/home/siteat/public_html/cake/libs/view/scaffolds/index.ctp, line 50]
2011-08-10 16:56:26 Notice: Notice (8): Undefined index:  Codigopostal in [/home/siteat/public_html/cake/libs/view/scaffolds/index.ctp, line 55]
2011-08-10 16:56:26 Notice: Notice (8): Undefined index:  Codigopostal in [/home/siteat/public_html/cake/libs/view/scaffolds/index.ctp, line 56]
2011-08-10 16:56:26 Notice: Notice (8): Undefined index:  Codigopostal in [/home/siteat/public_html/cake/libs/view/scaffolds/index.ctp, line 57]
2011-08-10 16:56:30 Notice: Notice (8): Trying to get property of non-object in [/home/siteat/public_html/cake/libs/view/helper.php, line 458]
2011-08-10 17:01:32 Notice: Notice (8): Undefined index:  Codigopostal in [/home/siteat/public_html/cake/libs/view/scaffolds/index.ctp, line 50]
2011-08-10 17:01:32 Notice: Notice (8): Undefined index:  Codigopostal in [/home/siteat/public_html/cake/libs/view/scaffolds/index.ctp, line 55]
2011-08-10 17:01:32 Notice: Notice (8): Undefined index:  Codigopostal in [/home/siteat/public_html/cake/libs/view/scaffolds/index.ctp, line 56]
2011-08-10 17:01:32 Notice: Notice (8): Undefined index:  Codigopostal in [/home/siteat/public_html/cake/libs/view/scaffolds/index.ctp, line 57]
2011-08-10 17:02:46 Notice: Notice (8): Undefined index:  Codigopostal in [/home/siteat/public_html/cake/libs/view/scaffolds/index.ctp, line 50]
2011-08-10 17:02:46 Notice: Notice (8): Undefined index:  Codigopostal in [/home/siteat/public_html/cake/libs/view/scaffolds/index.ctp, line 55]
2011-08-10 17:02:46 Notice: Notice (8): Undefined index:  Codigopostal in [/home/siteat/public_html/cake/libs/view/scaffolds/index.ctp, line 56]
2011-08-10 17:02:46 Notice: Notice (8): Undefined index:  Codigopostal in [/home/siteat/public_html/cake/libs/view/scaffolds/index.ctp, line 57]
2011-08-10 17:02:50 Notice: Notice (8): Trying to get property of non-object in [/home/siteat/public_html/cake/libs/view/helper.php, line 458]
2011-08-10 17:11:00 Notice: Notice (8): Undefined index:  Codigopostal in [/home/siteat/public_html/cake/libs/view/scaffolds/index.ctp, line 50]
2011-08-10 17:11:00 Notice: Notice (8): Undefined index:  Codigopostal in [/home/siteat/public_html/cake/libs/view/scaffolds/index.ctp, line 55]
2011-08-10 17:11:00 Notice: Notice (8): Undefined index:  Codigopostal in [/home/siteat/public_html/cake/libs/view/scaffolds/index.ctp, line 56]
2011-08-10 17:11:00 Notice: Notice (8): Undefined index:  Codigopostal in [/home/siteat/public_html/cake/libs/view/scaffolds/index.ctp, line 57]
2011-08-10 17:11:01 Notice: Notice (8): Undefined index:  Codigopostal in [/home/siteat/public_html/cake/libs/view/scaffolds/index.ctp, line 50]
2011-08-10 17:11:01 Notice: Notice (8): Undefined index:  Codigopostal in [/home/siteat/public_html/cake/libs/view/scaffolds/index.ctp, line 55]
2011-08-10 17:11:01 Notice: Notice (8): Undefined index:  Codigopostal in [/home/siteat/public_html/cake/libs/view/scaffolds/index.ctp, line 56]
2011-08-10 17:11:01 Notice: Notice (8): Undefined index:  Codigopostal in [/home/siteat/public_html/cake/libs/view/scaffolds/index.ctp, line 57]
2011-08-10 17:12:46 Notice: Notice (8): Undefined index:  Codigopostal in [/home/siteat/public_html/cake/libs/view/scaffolds/index.ctp, line 50]
2011-08-10 17:12:46 Notice: Notice (8): Undefined index:  Codigopostal in [/home/siteat/public_html/cake/libs/view/scaffolds/index.ctp, line 55]
2011-08-10 17:12:46 Notice: Notice (8): Undefined index:  Codigopostal in [/home/siteat/public_html/cake/libs/view/scaffolds/index.ctp, line 56]
2011-08-10 17:12:46 Notice: Notice (8): Undefined index:  Codigopostal in [/home/siteat/public_html/cake/libs/view/scaffolds/index.ctp, line 57]
2011-08-10 17:12:52 Notice: Notice (8): Trying to get property of non-object in [/home/siteat/public_html/cake/libs/view/helper.php, line 458]
2011-08-10 17:12:58 Notice: Notice (8): Undefined index:  Codigopostal in [/home/siteat/public_html/cake/libs/view/scaffolds/index.ctp, line 50]
2011-08-10 17:12:58 Notice: Notice (8): Undefined index:  Codigopostal in [/home/siteat/public_html/cake/libs/view/scaffolds/index.ctp, line 55]
2011-08-10 17:12:58 Notice: Notice (8): Undefined index:  Codigopostal in [/home/siteat/public_html/cake/libs/view/scaffolds/index.ctp, line 56]
2011-08-10 17:12:58 Notice: Notice (8): Undefined index:  Codigopostal in [/home/siteat/public_html/cake/libs/view/scaffolds/index.ctp, line 57]
2011-08-10 17:13:30 Notice: Notice (8): Undefined index:  Codigopostal in [/home/siteat/public_html/cake/libs/view/scaffolds/index.ctp, line 50]
2011-08-10 17:13:30 Notice: Notice (8): Undefined index:  Codigopostal in [/home/siteat/public_html/cake/libs/view/scaffolds/index.ctp, line 55]
2011-08-10 17:13:30 Notice: Notice (8): Undefined index:  Codigopostal in [/home/siteat/public_html/cake/libs/view/scaffolds/index.ctp, line 56]
2011-08-10 17:13:30 Notice: Notice (8): Undefined index:  Codigopostal in [/home/siteat/public_html/cake/libs/view/scaffolds/index.ctp, line 57]
2011-08-10 17:13:32 Notice: Notice (8): Undefined index:  Codigopostal in [/home/siteat/public_html/cake/libs/view/scaffolds/index.ctp, line 50]
2011-08-10 17:13:32 Notice: Notice (8): Undefined index:  Codigopostal in [/home/siteat/public_html/cake/libs/view/scaffolds/index.ctp, line 55]
2011-08-10 17:13:32 Notice: Notice (8): Undefined index:  Codigopostal in [/home/siteat/public_html/cake/libs/view/scaffolds/index.ctp, line 56]
2011-08-10 17:13:32 Notice: Notice (8): Undefined index:  Codigopostal in [/home/siteat/public_html/cake/libs/view/scaffolds/index.ctp, line 57]
2011-08-10 17:17:42 Notice: Notice (8): Undefined index:  Codigopostal in [/home/siteat/public_html/cake/libs/view/scaffolds/index.ctp, line 50]
2011-08-10 17:17:42 Notice: Notice (8): Undefined index:  Codigopostal in [/home/siteat/public_html/cake/libs/view/scaffolds/index.ctp, line 55]
2011-08-10 17:17:42 Notice: Notice (8): Undefined index:  Codigopostal in [/home/siteat/public_html/cake/libs/view/scaffolds/index.ctp, line 56]
2011-08-10 17:17:42 Notice: Notice (8): Undefined index:  Codigopostal in [/home/siteat/public_html/cake/libs/view/scaffolds/index.ctp, line 57]
2011-08-10 17:21:03 Notice: Notice (8): Undefined index:  Codigopostal in [/home/siteat/public_html/cake/libs/view/scaffolds/index.ctp, line 50]
2011-08-10 17:21:03 Notice: Notice (8): Undefined index:  Codigopostal in [/home/siteat/public_html/cake/libs/view/scaffolds/index.ctp, line 55]
2011-08-10 17:21:03 Notice: Notice (8): Undefined index:  Codigopostal in [/home/siteat/public_html/cake/libs/view/scaffolds/index.ctp, line 56]
2011-08-10 17:21:03 Notice: Notice (8): Undefined index:  Codigopostal in [/home/siteat/public_html/cake/libs/view/scaffolds/index.ctp, line 57]
2011-08-10 17:21:13 Notice: Notice (8): Undefined index:  Codigopostal in [/home/siteat/public_html/cake/libs/view/scaffolds/index.ctp, line 50]
2011-08-10 17:21:13 Notice: Notice (8): Undefined index:  Codigopostal in [/home/siteat/public_html/cake/libs/view/scaffolds/index.ctp, line 55]
2011-08-10 17:21:13 Notice: Notice (8): Undefined index:  Codigopostal in [/home/siteat/public_html/cake/libs/view/scaffolds/index.ctp, line 56]
2011-08-10 17:21:13 Notice: Notice (8): Undefined index:  Codigopostal in [/home/siteat/public_html/cake/libs/view/scaffolds/index.ctp, line 57]
2011-08-10 17:25:00 Notice: Notice (8): Undefined index:  Codigopostal in [/home/siteat/public_html/cake/libs/view/scaffolds/index.ctp, line 50]
2011-08-10 17:25:00 Notice: Notice (8): Undefined index:  Codigopostal in [/home/siteat/public_html/cake/libs/view/scaffolds/index.ctp, line 55]
2011-08-10 17:25:00 Notice: Notice (8): Undefined index:  Codigopostal in [/home/siteat/public_html/cake/libs/view/scaffolds/index.ctp, line 56]
2011-08-10 17:25:00 Notice: Notice (8): Undefined index:  Codigopostal in [/home/siteat/public_html/cake/libs/view/scaffolds/index.ctp, line 57]
2011-08-10 17:29:14 Notice: Notice (8): Undefined index:  Codigopostal in [/home/siteat/public_html/cake/libs/view/scaffolds/index.ctp, line 50]
2011-08-10 17:29:14 Notice: Notice (8): Undefined index:  Codigopostal in [/home/siteat/public_html/cake/libs/view/scaffolds/index.ctp, line 55]
2011-08-10 17:29:14 Notice: Notice (8): Undefined index:  Codigopostal in [/home/siteat/public_html/cake/libs/view/scaffolds/index.ctp, line 56]
2011-08-10 17:29:14 Notice: Notice (8): Undefined index:  Codigopostal in [/home/siteat/public_html/cake/libs/view/scaffolds/index.ctp, line 57]
2011-08-10 17:32:00 Notice: Notice (8): Undefined index:  Codigopostal in [/home/siteat/public_html/cake/libs/view/scaffolds/index.ctp, line 50]
2011-08-10 17:32:00 Notice: Notice (8): Undefined index:  Codigopostal in [/home/siteat/public_html/cake/libs/view/scaffolds/index.ctp, line 55]
2011-08-10 17:32:00 Notice: Notice (8): Undefined index:  Codigopostal in [/home/siteat/public_html/cake/libs/view/scaffolds/index.ctp, line 56]
2011-08-10 17:32:00 Notice: Notice (8): Undefined index:  Codigopostal in [/home/siteat/public_html/cake/libs/view/scaffolds/index.ctp, line 57]
2011-08-10 17:32:46 Notice: Notice (8): Trying to get property of non-object in [/home/siteat/public_html/cake/libs/view/helper.php, line 458]
2011-08-10 17:33:20 Notice: Notice (8): Trying to get property of non-object in [/home/siteat/public_html/cake/libs/view/helper.php, line 458]
2011-08-10 17:33:36 Notice: Notice (8): Undefined index:  Codigopostal in [/home/siteat/public_html/cake/libs/view/scaffolds/index.ctp, line 50]
2011-08-10 17:33:36 Notice: Notice (8): Undefined index:  Codigopostal in [/home/siteat/public_html/cake/libs/view/scaffolds/index.ctp, line 55]
2011-08-10 17:33:36 Notice: Notice (8): Undefined index:  Codigopostal in [/home/siteat/public_html/cake/libs/view/scaffolds/index.ctp, line 56]
2011-08-10 17:33:36 Notice: Notice (8): Undefined index:  Codigopostal in [/home/siteat/public_html/cake/libs/view/scaffolds/index.ctp, line 57]
2011-08-10 17:33:45 Notice: Notice (8): Undefined index:  Codigopostal in [/home/siteat/public_html/cake/libs/view/scaffolds/index.ctp, line 50]
2011-08-10 17:33:45 Notice: Notice (8): Undefined index:  Codigopostal in [/home/siteat/public_html/cake/libs/view/scaffolds/index.ctp, line 55]
2011-08-10 17:33:45 Notice: Notice (8): Undefined index:  Codigopostal in [/home/siteat/public_html/cake/libs/view/scaffolds/index.ctp, line 56]
2011-08-10 17:33:45 Notice: Notice (8): Undefined index:  Codigopostal in [/home/siteat/public_html/cake/libs/view/scaffolds/index.ctp, line 57]
2011-08-10 17:35:23 Notice: Notice (8): Undefined index:  Codigopostal in [/home/siteat/public_html/cake/libs/view/scaffolds/index.ctp, line 50]
2011-08-10 17:35:23 Notice: Notice (8): Undefined index:  Codigopostal in [/home/siteat/public_html/cake/libs/view/scaffolds/index.ctp, line 55]
2011-08-10 17:35:23 Notice: Notice (8): Undefined index:  Codigopostal in [/home/siteat/public_html/cake/libs/view/scaffolds/index.ctp, line 56]
2011-08-10 17:35:23 Notice: Notice (8): Undefined index:  Codigopostal in [/home/siteat/public_html/cake/libs/view/scaffolds/index.ctp, line 57]
2011-08-10 17:35:25 Notice: Notice (8): Undefined index:  Codigopostal in [/home/siteat/public_html/cake/libs/view/scaffolds/index.ctp, line 50]
2011-08-10 17:35:25 Notice: Notice (8): Undefined index:  Codigopostal in [/home/siteat/public_html/cake/libs/view/scaffolds/index.ctp, line 55]
2011-08-10 17:35:25 Notice: Notice (8): Undefined index:  Codigopostal in [/home/siteat/public_html/cake/libs/view/scaffolds/index.ctp, line 56]
2011-08-10 17:35:25 Notice: Notice (8): Undefined index:  Codigopostal in [/home/siteat/public_html/cake/libs/view/scaffolds/index.ctp, line 57]
2011-08-10 17:40:59 Notice: Notice (8): Undefined index:  Codigopostal in [/home/siteat/public_html/cake/libs/view/scaffolds/index.ctp, line 50]
2011-08-10 17:40:59 Notice: Notice (8): Undefined index:  Codigopostal in [/home/siteat/public_html/cake/libs/view/scaffolds/index.ctp, line 55]
2011-08-10 17:40:59 Notice: Notice (8): Undefined index:  Codigopostal in [/home/siteat/public_html/cake/libs/view/scaffolds/index.ctp, line 56]
2011-08-10 17:40:59 Notice: Notice (8): Undefined index:  Codigopostal in [/home/siteat/public_html/cake/libs/view/scaffolds/index.ctp, line 57]
2011-08-10 17:43:12 Notice: Notice (8): Undefined index:  Codigopostal in [/home/siteat/public_html/cake/libs/view/scaffolds/index.ctp, line 50]
2011-08-10 17:43:12 Notice: Notice (8): Undefined index:  Codigopostal in [/home/siteat/public_html/cake/libs/view/scaffolds/index.ctp, line 55]
2011-08-10 17:43:12 Notice: Notice (8): Undefined index:  Codigopostal in [/home/siteat/public_html/cake/libs/view/scaffolds/index.ctp, line 56]
2011-08-10 17:43:12 Notice: Notice (8): Undefined index:  Codigopostal in [/home/siteat/public_html/cake/libs/view/scaffolds/index.ctp, line 57]
2011-08-10 17:44:36 Notice: Notice (8): Undefined index:  Codigopostal in [/home/siteat/public_html/cake/libs/view/scaffolds/index.ctp, line 50]
2011-08-10 17:44:36 Notice: Notice (8): Undefined index:  Codigopostal in [/home/siteat/public_html/cake/libs/view/scaffolds/index.ctp, line 55]
2011-08-10 17:44:36 Notice: Notice (8): Undefined index:  Codigopostal in [/home/siteat/public_html/cake/libs/view/scaffolds/index.ctp, line 56]
2011-08-10 17:44:36 Notice: Notice (8): Undefined index:  Codigopostal in [/home/siteat/public_html/cake/libs/view/scaffolds/index.ctp, line 57]
2011-08-10 17:44:37 Notice: Notice (8): Undefined index:  Codigopostal in [/home/siteat/public_html/cake/libs/view/scaffolds/index.ctp, line 50]
2011-08-10 17:44:37 Notice: Notice (8): Undefined index:  Codigopostal in [/home/siteat/public_html/cake/libs/view/scaffolds/index.ctp, line 55]
2011-08-10 17:44:37 Notice: Notice (8): Undefined index:  Codigopostal in [/home/siteat/public_html/cake/libs/view/scaffolds/index.ctp, line 56]
2011-08-10 17:44:37 Notice: Notice (8): Undefined index:  Codigopostal in [/home/siteat/public_html/cake/libs/view/scaffolds/index.ctp, line 57]
2011-08-10 17:48:40 Notice: Notice (8): Trying to get property of non-object in [/home/siteat/public_html/cake/libs/view/helper.php, line 458]
2011-08-10 17:48:50 Notice: Notice (8): Trying to get property of non-object in [/home/siteat/public_html/cake/libs/view/helper.php, line 458]
2011-08-10 17:49:17 Notice: Notice (8): Trying to get property of non-object in [/home/siteat/public_html/cake/libs/view/helper.php, line 458]
2011-08-10 17:50:58 Notice: Notice (8): Trying to get property of non-object in [/home/siteat/public_html/cake/libs/view/helper.php, line 458]
2011-08-10 17:56:37 Notice: Notice (8): Trying to get property of non-object in [/home/siteat/public_html/cake/libs/view/helper.php, line 458]
2011-08-10 18:25:46 Notice: Notice (8): Trying to get property of non-object in [/home/siteat/public_html/cake/libs/view/helper.php, line 458]
2011-08-10 18:27:02 Notice: Notice (8): Trying to get property of non-object in [/home/siteat/public_html/cake/libs/view/helper.php, line 458]
2011-08-10 18:27:48 Notice: Notice (8): Undefined index:  Codigopostal in [/home/siteat/public_html/cake/libs/view/scaffolds/index.ctp, line 50]
2011-08-10 18:27:48 Notice: Notice (8): Undefined index:  Codigopostal in [/home/siteat/public_html/cake/libs/view/scaffolds/index.ctp, line 55]
2011-08-10 18:27:48 Notice: Notice (8): Undefined index:  Codigopostal in [/home/siteat/public_html/cake/libs/view/scaffolds/index.ctp, line 56]
2011-08-10 18:27:48 Notice: Notice (8): Undefined index:  Codigopostal in [/home/siteat/public_html/cake/libs/view/scaffolds/index.ctp, line 57]
2011-08-10 18:29:42 Notice: Notice (8): Undefined index:  Codigopostal in [/home/siteat/public_html/cake/libs/view/scaffolds/view.ctp, line 43]
2011-08-10 18:29:42 Notice: Notice (8): Undefined index:  Codigopostal in [/home/siteat/public_html/cake/libs/view/scaffolds/view.ctp, line 53]
2011-08-10 18:29:42 Notice: Notice (8): Undefined index:  Codigopostal in [/home/siteat/public_html/cake/libs/view/scaffolds/view.ctp, line 54]
2011-08-10 18:31:03 Notice: Notice (8): Undefined index:  Codigopostal in [/home/siteat/public_html/cake/libs/view/scaffolds/index.ctp, line 50]
2011-08-10 18:31:03 Notice: Notice (8): Undefined index:  Codigopostal in [/home/siteat/public_html/cake/libs/view/scaffolds/index.ctp, line 55]
2011-08-10 18:31:03 Notice: Notice (8): Undefined index:  Codigopostal in [/home/siteat/public_html/cake/libs/view/scaffolds/index.ctp, line 56]
2011-08-10 18:31:03 Notice: Notice (8): Undefined index:  Codigopostal in [/home/siteat/public_html/cake/libs/view/scaffolds/index.ctp, line 57]
2011-08-10 18:31:27 Notice: Notice (8): Undefined index:  Codigopostal in [/home/siteat/public_html/cake/libs/view/scaffolds/index.ctp, line 50]
2011-08-10 18:31:27 Notice: Notice (8): Undefined index:  Codigopostal in [/home/siteat/public_html/cake/libs/view/scaffolds/index.ctp, line 55]
2011-08-10 18:31:27 Notice: Notice (8): Undefined index:  Codigopostal in [/home/siteat/public_html/cake/libs/view/scaffolds/index.ctp, line 56]
2011-08-10 18:31:27 Notice: Notice (8): Undefined index:  Codigopostal in [/home/siteat/public_html/cake/libs/view/scaffolds/index.ctp, line 57]
2011-08-10 18:31:33 Notice: Notice (8): Undefined index:  Codigopostal in [/home/siteat/public_html/cake/libs/view/scaffolds/index.ctp, line 50]
2011-08-10 18:31:33 Notice: Notice (8): Undefined index:  Codigopostal in [/home/siteat/public_html/cake/libs/view/scaffolds/index.ctp, line 55]
2011-08-10 18:31:33 Notice: Notice (8): Undefined index:  Codigopostal in [/home/siteat/public_html/cake/libs/view/scaffolds/index.ctp, line 56]
2011-08-10 18:31:33 Notice: Notice (8): Undefined index:  Codigopostal in [/home/siteat/public_html/cake/libs/view/scaffolds/index.ctp, line 57]
2011-08-10 18:31:35 Notice: Notice (8): Undefined index:  codigo in [/home/siteat/public_html/cake/libs/view/scaffolds/index.ctp, line 44]
2011-08-10 18:37:10 Notice: Notice (8): Undefined index:  Codigopostal in [/home/siteat/public_html/cake/libs/view/scaffolds/index.ctp, line 50]
2011-08-10 18:37:10 Notice: Notice (8): Undefined index:  Codigopostal in [/home/siteat/public_html/cake/libs/view/scaffolds/index.ctp, line 55]
2011-08-10 18:37:10 Notice: Notice (8): Undefined index:  Codigopostal in [/home/siteat/public_html/cake/libs/view/scaffolds/index.ctp, line 56]
2011-08-10 18:37:10 Notice: Notice (8): Undefined index:  Codigopostal in [/home/siteat/public_html/cake/libs/view/scaffolds/index.ctp, line 57]
2011-08-10 18:38:22 Notice: Notice (8): Undefined index:  Codigopostal in [/home/siteat/public_html/cake/libs/view/scaffolds/index.ctp, line 50]
2011-08-10 18:38:22 Notice: Notice (8): Undefined index:  Codigopostal in [/home/siteat/public_html/cake/libs/view/scaffolds/index.ctp, line 55]
2011-08-10 18:38:22 Notice: Notice (8): Undefined index:  Codigopostal in [/home/siteat/public_html/cake/libs/view/scaffolds/index.ctp, line 56]
2011-08-10 18:38:22 Notice: Notice (8): Undefined index:  Codigopostal in [/home/siteat/public_html/cake/libs/view/scaffolds/index.ctp, line 57]
2011-08-10 18:38:35 Notice: Notice (8): Undefined index:  Codigopostal in [/home/siteat/public_html/cake/libs/view/scaffolds/index.ctp, line 50]
2011-08-10 18:38:35 Notice: Notice (8): Undefined index:  Codigopostal in [/home/siteat/public_html/cake/libs/view/scaffolds/index.ctp, line 55]
2011-08-10 18:38:35 Notice: Notice (8): Undefined index:  Codigopostal in [/home/siteat/public_html/cake/libs/view/scaffolds/index.ctp, line 56]
2011-08-10 18:38:35 Notice: Notice (8): Undefined index:  Codigopostal in [/home/siteat/public_html/cake/libs/view/scaffolds/index.ctp, line 57]
2011-08-10 18:40:25 Notice: Notice (8): Undefined index:  Codigopostal in [/home/siteat/public_html/cake/libs/view/scaffolds/index.ctp, line 50]
2011-08-10 18:40:25 Notice: Notice (8): Undefined index:  Codigopostal in [/home/siteat/public_html/cake/libs/view/scaffolds/index.ctp, line 55]
2011-08-10 18:40:25 Notice: Notice (8): Undefined index:  Codigopostal in [/home/siteat/public_html/cake/libs/view/scaffolds/index.ctp, line 56]
2011-08-10 18:40:25 Notice: Notice (8): Undefined index:  Codigopostal in [/home/siteat/public_html/cake/libs/view/scaffolds/index.ctp, line 57]
2011-08-10 18:42:25 Notice: Notice (8): Undefined index:  Codigopostal in [/home/siteat/public_html/cake/libs/view/scaffolds/index.ctp, line 50]
2011-08-10 18:42:25 Notice: Notice (8): Undefined index:  Codigopostal in [/home/siteat/public_html/cake/libs/view/scaffolds/index.ctp, line 55]
2011-08-10 18:42:25 Notice: Notice (8): Undefined index:  Codigopostal in [/home/siteat/public_html/cake/libs/view/scaffolds/index.ctp, line 56]
2011-08-10 18:42:25 Notice: Notice (8): Undefined index:  Codigopostal in [/home/siteat/public_html/cake/libs/view/scaffolds/index.ctp, line 57]
2011-08-10 18:43:12 Notice: Notice (8): Undefined index:  Codigopostal in [/home/siteat/public_html/cake/libs/view/scaffolds/index.ctp, line 50]
2011-08-10 18:43:12 Notice: Notice (8): Undefined index:  Codigopostal in [/home/siteat/public_html/cake/libs/view/scaffolds/index.ctp, line 55]
2011-08-10 18:43:12 Notice: Notice (8): Undefined index:  Codigopostal in [/home/siteat/public_html/cake/libs/view/scaffolds/index.ctp, line 56]
2011-08-10 18:43:12 Notice: Notice (8): Undefined index:  Codigopostal in [/home/siteat/public_html/cake/libs/view/scaffolds/index.ctp, line 57]
2011-08-10 18:44:25 Notice: Notice (8): Undefined index:  Codigopostal in [/home/siteat/public_html/cake/libs/view/scaffolds/index.ctp, line 50]
2011-08-10 18:44:25 Notice: Notice (8): Undefined index:  Codigopostal in [/home/siteat/public_html/cake/libs/view/scaffolds/index.ctp, line 55]
2011-08-10 18:44:25 Notice: Notice (8): Undefined index:  Codigopostal in [/home/siteat/public_html/cake/libs/view/scaffolds/index.ctp, line 56]
2011-08-10 18:44:25 Notice: Notice (8): Undefined index:  Codigopostal in [/home/siteat/public_html/cake/libs/view/scaffolds/index.ctp, line 57]
2011-08-10 18:44:33 Notice: Notice (8): Undefined index:  Codigopostal in [/home/siteat/public_html/cake/libs/view/scaffolds/index.ctp, line 50]
2011-08-10 18:44:33 Notice: Notice (8): Undefined index:  Codigopostal in [/home/siteat/public_html/cake/libs/view/scaffolds/index.ctp, line 55]
2011-08-10 18:44:33 Notice: Notice (8): Undefined index:  Codigopostal in [/home/siteat/public_html/cake/libs/view/scaffolds/index.ctp, line 56]
2011-08-10 18:44:33 Notice: Notice (8): Undefined index:  Codigopostal in [/home/siteat/public_html/cake/libs/view/scaffolds/index.ctp, line 57]
2011-08-10 18:44:33 Notice: Notice (8): Undefined index:  Codigopostal in [/home/siteat/public_html/cake/libs/view/scaffolds/index.ctp, line 50]
2011-08-10 18:44:33 Notice: Notice (8): Undefined index:  Codigopostal in [/home/siteat/public_html/cake/libs/view/scaffolds/index.ctp, line 55]
2011-08-10 18:44:33 Notice: Notice (8): Undefined index:  Codigopostal in [/home/siteat/public_html/cake/libs/view/scaffolds/index.ctp, line 56]
2011-08-10 18:44:33 Notice: Notice (8): Undefined index:  Codigopostal in [/home/siteat/public_html/cake/libs/view/scaffolds/index.ctp, line 57]
2011-08-10 18:45:13 Notice: Notice (8): Undefined index:  Codigopostal in [/home/siteat/public_html/cake/libs/view/scaffolds/index.ctp, line 50]
2011-08-10 18:45:13 Notice: Notice (8): Undefined index:  Codigopostal in [/home/siteat/public_html/cake/libs/view/scaffolds/index.ctp, line 55]
2011-08-10 18:45:13 Notice: Notice (8): Undefined index:  Codigopostal in [/home/siteat/public_html/cake/libs/view/scaffolds/index.ctp, line 56]
2011-08-10 18:45:13 Notice: Notice (8): Undefined index:  Codigopostal in [/home/siteat/public_html/cake/libs/view/scaffolds/index.ctp, line 57]
2011-08-10 18:45:35 Notice: Notice (8): Undefined index:  Codigopostal in [/home/siteat/public_html/cake/libs/view/scaffolds/index.ctp, line 50]
2011-08-10 18:45:35 Notice: Notice (8): Undefined index:  Codigopostal in [/home/siteat/public_html/cake/libs/view/scaffolds/index.ctp, line 55]
2011-08-10 18:45:35 Notice: Notice (8): Undefined index:  Codigopostal in [/home/siteat/public_html/cake/libs/view/scaffolds/index.ctp, line 56]
2011-08-10 18:45:35 Notice: Notice (8): Undefined index:  Codigopostal in [/home/siteat/public_html/cake/libs/view/scaffolds/index.ctp, line 57]
2011-08-10 18:45:47 Notice: Notice (8): Trying to get property of non-object in [/home/siteat/public_html/cake/libs/view/helper.php, line 458]
2011-08-10 18:47:27 Notice: Notice (8): Undefined index:  Codigopostal in [/home/siteat/public_html/cake/libs/view/scaffolds/index.ctp, line 50]
2011-08-10 18:47:27 Notice: Notice (8): Undefined index:  Codigopostal in [/home/siteat/public_html/cake/libs/view/scaffolds/index.ctp, line 55]
2011-08-10 18:47:27 Notice: Notice (8): Undefined index:  Codigopostal in [/home/siteat/public_html/cake/libs/view/scaffolds/index.ctp, line 56]
2011-08-10 18:47:27 Notice: Notice (8): Undefined index:  Codigopostal in [/home/siteat/public_html/cake/libs/view/scaffolds/index.ctp, line 57]
2011-08-10 18:54:26 Notice: Notice (8): Undefined index:  cpostal in [/home/siteat/public_html/cake/libs/view/scaffolds/index.ctp, line 44]
2011-08-10 19:02:52 Notice: Notice (8): Undefined index:  codigospostales in [/home/siteat/public_html/cake/libs/inflector.php, line 465]
2011-08-10 19:03:07 Notice: Notice (8): Undefined index:  codigospostales in [/home/siteat/public_html/cake/libs/inflector.php, line 465]
2011-08-10 19:03:50 Notice: Notice (8): Undefined index:  codigospostales in [/home/siteat/public_html/cake/libs/inflector.php, line 465]
2011-08-10 19:08:41 Notice: Notice (8): Undefined index:  codigopostal in [/home/siteat/public_html/cake/libs/view/scaffolds/index.ctp, line 44]
2011-08-10 19:09:03 Notice: Notice (8): Undefined index:  codigopostal in [/home/siteat/public_html/cake/libs/view/scaffolds/index.ctp, line 44]
2011-08-11 15:23:03 Notice: Notice (8): Undefined index:  Telefono in [/home/siteat/public_html/cake/libs/view/scaffolds/index.ctp, line 50]
2011-08-11 15:23:03 Notice: Notice (8): Undefined index:  Telefono in [/home/siteat/public_html/cake/libs/view/scaffolds/index.ctp, line 55]
2011-08-11 15:23:03 Notice: Notice (8): Undefined index:  Telefono in [/home/siteat/public_html/cake/libs/view/scaffolds/index.ctp, line 56]
2011-08-11 15:23:03 Notice: Notice (8): Undefined index:  Telefono in [/home/siteat/public_html/cake/libs/view/scaffolds/index.ctp, line 57]
2011-08-11 15:23:14 Notice: Notice (8): Trying to get property of non-object in [/home/siteat/public_html/cake/libs/view/helper.php, line 458]
2011-08-13 11:54:51 Notice: Notice (8): Undefined property: App::$Html in [/home/siteat/public_html/app/controllers/empresas_controller.php, line 23]
2011-08-13 12:05:10 Notice: Notice (8): Undefined index:  Denominacion in [/home/siteat/public_html/cake/libs/view/scaffolds/index.ctp, line 50]
2011-08-13 12:05:10 Notice: Notice (8): Undefined index:  Denominacion in [/home/siteat/public_html/cake/libs/view/scaffolds/index.ctp, line 55]
2011-08-13 12:05:10 Notice: Notice (8): Undefined index:  Denominacion in [/home/siteat/public_html/cake/libs/view/scaffolds/index.ctp, line 56]
2011-08-13 12:05:10 Notice: Notice (8): Undefined index:  Denominacion in [/home/siteat/public_html/cake/libs/view/scaffolds/index.ctp, line 57]
2011-08-13 12:06:26 Notice: Notice (8): Undefined index:  Tdocumento in [/home/siteat/public_html/cake/libs/view/scaffolds/index.ctp, line 50]
2011-08-13 12:06:26 Notice: Notice (8): Undefined index:  Tdocumento in [/home/siteat/public_html/cake/libs/view/scaffolds/index.ctp, line 55]
2011-08-13 12:06:27 Notice: Notice (8): Undefined index:  Tdocumento in [/home/siteat/public_html/cake/libs/view/scaffolds/index.ctp, line 56]
2011-08-13 12:06:27 Notice: Notice (8): Undefined index:  Tdocumento in [/home/siteat/public_html/cake/libs/view/scaffolds/index.ctp, line 57]
2011-08-13 12:08:21 Notice: Notice (8): Undefined index:  Denominacion in [/home/siteat/public_html/cake/libs/view/scaffolds/index.ctp, line 50]
2011-08-13 12:08:21 Notice: Notice (8): Undefined index:  Denominacion in [/home/siteat/public_html/cake/libs/view/scaffolds/index.ctp, line 55]
2011-08-13 12:08:21 Notice: Notice (8): Undefined index:  Denominacion in [/home/siteat/public_html/cake/libs/view/scaffolds/index.ctp, line 56]
2011-08-13 12:08:21 Notice: Notice (8): Undefined index:  Denominacion in [/home/siteat/public_html/cake/libs/view/scaffolds/index.ctp, line 57]
2011-08-15 20:05:18 Notice: Notice (8): Undefined variable: javascript in [/home/siteat/public_html/app/views/pages/home.ctp, line 2]
2011-08-15 20:06:25 Notice: Notice (8): Undefined variable: javascript in [/home/siteat/public_html/app/views/layouts/default.ctp, line 31]
