2011-06-01 00:15:54 Warning: Warning (512): <span style="color:Red;text-align:left"><b>SQL Error:</b> 1048: Column 'idpaises' cannot be null</span> in [/home/siteat/public_html/cake/libs/model/datasources/dbo_source.php, line 684]
2011-06-01 00:16:44 Warning: Warning (2): Cannot modify header information - headers already sent by (output started at /home/siteat/public_html/cake/libs/debugger.php:673) in [/home/siteat/public_html/cake/libs/controller/controller.php, line 742]
2011-06-01 00:20:58 Warning: Warning (2): Cannot modify header information - headers already sent by (output started at /home/siteat/public_html/cake/libs/debugger.php:673) in [/home/siteat/public_html/cake/libs/controller/controller.php, line 742]
2011-06-01 00:23:51 Warning: Warning (2): Cannot modify header information - headers already sent by (output started at /home/siteat/public_html/cake/libs/debugger.php:673) in [/home/siteat/public_html/cake/libs/controller/controller.php, line 742]
2011-06-01 00:23:54 Warning: Warning (2): Cannot modify header information - headers already sent by (output started at /home/siteat/public_html/cake/libs/debugger.php:673) in [/home/siteat/public_html/cake/libs/controller/controller.php, line 742]
2011-06-01 13:17:40 Warning: Warning (2): Cannot modify header information - headers already sent by (output started at /home/siteat/public_html/cake/libs/debugger.php:673) in [/home/siteat/public_html/cake/libs/controller/controller.php, line 742]
2011-06-01 13:36:53 Warning: Warning (512): <span style="color:Red;text-align:left"><b>SQL Error:</b> 1064: You have an error in your SQL syntax; check the manual that corresponds to your MySQL server version for the right syntax to use near 'findAll' at line 1</span> in [/home/siteat/public_html/cake/libs/model/datasources/dbo_source.php, line 684]
2011-06-01 15:44:48 Warning: Warning (512): <span style="color:Red;text-align:left"><b>SQL Error:</b> 1064: You have an error in your SQL syntax; check the manual that corresponds to your MySQL server version for the right syntax to use near 'findAll' at line 1</span> in [/home/siteat/public_html/cake/libs/model/datasources/dbo_source.php, line 684]
2011-06-01 15:44:48 Warning: Warning (512): <span style="color:Red;text-align:left"><b>SQL Error:</b> 1064: You have an error in your SQL syntax; check the manual that corresponds to your MySQL server version for the right syntax to use near 'findAll' at line 1</span> in [/home/siteat/public_html/cake/libs/model/datasources/dbo_source.php, line 684]
2011-06-01 15:59:34 Warning: Warning (512): <span style="color:Red;text-align:left"><b>SQL Error:</b> 1064: You have an error in your SQL syntax; check the manual that corresponds to your MySQL server version for the right syntax to use near 'findAll' at line 1</span> in [/home/siteat/public_html/cake/libs/model/datasources/dbo_source.php, line 684]
2011-06-01 15:59:34 Warning: Warning (2): Invalid argument supplied for foreach() in [/home/siteat/public_html/app/views/provincias/index.ctp, line 6]
2011-06-01 16:02:32 Warning: Warning (512): <span style="color:Red;text-align:left"><b>SQL Error:</b> 1064: You have an error in your SQL syntax; check the manual that corresponds to your MySQL server version for the right syntax to use near 'findAll' at line 1</span> in [/home/siteat/public_html/cake/libs/model/datasources/dbo_source.php, line 684]
2011-06-01 16:02:32 Warning: Warning (2): Invalid argument supplied for foreach() in [/home/siteat/public_html/app/views/provincias/index.ctp, line 6]
2011-06-01 16:16:01 Warning: Warning (2): Invalid argument supplied for foreach() in [/home/siteat/public_html/app/views/paises/index.ctp, line 6]
2011-06-01 16:23:27 Warning: Warning (512): <span style="color:Red;text-align:left"><b>SQL Error:</b> 1054: Unknown column 'Provincia.paise_id' in 'on clause'</span> in [/home/siteat/public_html/cake/libs/model/datasources/dbo_source.php, line 684]
2011-06-01 16:23:27 Warning: Warning (2): Invalid argument supplied for foreach() in [/home/siteat/public_html/app/views/provincias/index.ctp, line 6]
2011-06-01 16:23:59 Warning: Warning (512): <span style="color:Red;text-align:left"><b>SQL Error:</b> 1054: Unknown column 'Provincia.paise_id' in 'on clause'</span> in [/home/siteat/public_html/cake/libs/model/datasources/dbo_source.php, line 684]
2011-06-01 16:23:59 Warning: Warning (2): Invalid argument supplied for foreach() in [/home/siteat/public_html/app/views/provincias/index.ctp, line 6]
2011-06-01 16:28:03 Warning: Warning (512): Method HtmlHelper::input does not exist in [/home/siteat/public_html/cake/libs/view/helper.php, line 154]
2011-06-01 16:28:03 Warning: Warning (512): Method HtmlHelper::submit does not exist in [/home/siteat/public_html/cake/libs/view/helper.php, line 154]
2011-06-01 16:28:35 Warning: Warning (512): Method HtmlHelper::input does not exist in [/home/siteat/public_html/cake/libs/view/helper.php, line 154]
2011-06-01 16:28:35 Warning: Warning (512): Method HtmlHelper::submit does not exist in [/home/siteat/public_html/cake/libs/view/helper.php, line 154]
2011-06-01 22:56:43 Warning: Warning (512): <span style="color:Red;text-align:left"><b>SQL Error:</b> 1054: Unknown column 'Provincia.paise_id' in 'on clause'</span> in [/home/siteat/public_html/cake/libs/model/datasources/dbo_source.php, line 684]
2011-06-01 22:56:43 Warning: Warning (2): Invalid argument supplied for foreach() in [/home/siteat/public_html/app/views/provincias/index.ctp, line 6]
2011-06-03 11:23:00 Warning: Warning (512): <span style="color:Red;text-align:left"><b>SQL Error:</b> 1054: Unknown column 'Provincia.paise_id' in 'on clause'</span> in [/home/siteat/public_html/cake/libs/model/datasources/dbo_source.php, line 684]
2011-06-03 11:23:00 Warning: Warning (2): Invalid argument supplied for foreach() in [/home/siteat/public_html/app/views/provincias/index.ctp, line 6]
2011-06-03 11:23:18 Warning: Warning (512): <span style="color:Red;text-align:left"><b>SQL Error:</b> 1054: Unknown column 'Provincia.paise_id' in 'on clause'</span> in [/home/siteat/public_html/cake/libs/model/datasources/dbo_source.php, line 684]
2011-06-03 11:23:18 Warning: Warning (2): Invalid argument supplied for foreach() in [/home/siteat/public_html/app/views/provincias/index.ctp, line 6]
2011-06-03 12:03:16 Warning: Warning (512): Method HtmlHelper::input does not exist in [/home/siteat/public_html/cake/libs/view/helper.php, line 154]
2011-06-03 12:03:16 Warning: Warning (512): Method HtmlHelper::submit does not exist in [/home/siteat/public_html/cake/libs/view/helper.php, line 154]
2011-06-03 12:03:44 Warning: Warning (512): Method HtmlHelper::input does not exist in [/home/siteat/public_html/cake/libs/view/helper.php, line 154]
2011-06-03 12:03:44 Warning: Warning (512): Method HtmlHelper::submit does not exist in [/home/siteat/public_html/cake/libs/view/helper.php, line 154]
2011-06-03 12:04:12 Warning: Warning (512): Method HtmlHelper::input does not exist in [/home/siteat/public_html/cake/libs/view/helper.php, line 154]
2011-06-03 12:04:12 Warning: Warning (512): Method HtmlHelper::submit does not exist in [/home/siteat/public_html/cake/libs/view/helper.php, line 154]
2011-06-03 12:04:36 Warning: Warning (512): Method HtmlHelper::input does not exist in [/home/siteat/public_html/cake/libs/view/helper.php, line 154]
2011-06-03 12:04:36 Warning: Warning (512): Method HtmlHelper::submit does not exist in [/home/siteat/public_html/cake/libs/view/helper.php, line 154]
2011-06-03 12:04:55 Warning: Warning (512): Method HtmlHelper::input does not exist in [/home/siteat/public_html/cake/libs/view/helper.php, line 154]
2011-06-03 12:04:55 Warning: Warning (512): Method HtmlHelper::submit does not exist in [/home/siteat/public_html/cake/libs/view/helper.php, line 154]
2011-06-03 12:10:07 Warning: Warning (512): Method HtmlHelper::input does not exist in [/home/siteat/public_html/cake/libs/view/helper.php, line 154]
2011-06-03 12:10:07 Warning: Warning (512): Method HtmlHelper::submit does not exist in [/home/siteat/public_html/cake/libs/view/helper.php, line 154]
2011-06-03 13:19:15 Warning: Warning (512): Method HtmlHelper::input does not exist in [/home/siteat/public_html/cake/libs/view/helper.php, line 154]
2011-06-03 13:19:15 Warning: Warning (512): Method HtmlHelper::submit does not exist in [/home/siteat/public_html/cake/libs/view/helper.php, line 154]
2011-06-03 14:38:13 Warning: Warning (2): preg_match() [<a href='http://php.net/function.preg-match'>function.preg-match</a>]: Delimiter must not be alphanumeric or backslash in [/home/siteat/public_html/cake/libs/model/model.php, line 2611]
2011-06-03 14:40:25 Warning: Warning (2): preg_match() [<a href='http://php.net/function.preg-match'>function.preg-match</a>]: Delimiter must not be alphanumeric or backslash in [/home/siteat/public_html/cake/libs/model/model.php, line 2611]
2011-06-03 14:46:30 Warning: Warning (512): <span style="color:Red;text-align:left"><b>SQL Error:</b> 1064: You have an error in your SQL syntax; check the manual that corresponds to your MySQL server version for the right syntax to use near 'del' at line 1</span> in [/home/siteat/public_html/cake/libs/model/datasources/dbo_source.php, line 684]
2011-06-03 14:47:17 Warning: Warning (512): <span style="color:Red;text-align:left"><b>SQL Error:</b> 1064: You have an error in your SQL syntax; check the manual that corresponds to your MySQL server version for the right syntax to use near 'del' at line 1</span> in [/home/siteat/public_html/cake/libs/model/datasources/dbo_source.php, line 684]
2011-06-03 14:48:13 Warning: Warning (512): <span style="color:Red;text-align:left"><b>SQL Error:</b> 1064: You have an error in your SQL syntax; check the manual that corresponds to your MySQL server version for the right syntax to use near 'del' at line 1</span> in [/home/siteat/public_html/cake/libs/model/datasources/dbo_source.php, line 684]
2011-06-03 14:50:05 Warning: Warning (512): <span style="color:Red;text-align:left"><b>SQL Error:</b> 1064: You have an error in your SQL syntax; check the manual that corresponds to your MySQL server version for the right syntax to use near 'del' at line 1</span> in [/home/siteat/public_html/cake/libs/model/datasources/dbo_source.php, line 684]
2011-06-03 14:50:26 Warning: Warning (512): <span style="color:Red;text-align:left"><b>SQL Error:</b> 1064: You have an error in your SQL syntax; check the manual that corresponds to your MySQL server version for the right syntax to use near 'del' at line 1</span> in [/home/siteat/public_html/cake/libs/model/datasources/dbo_source.php, line 684]
2011-06-03 14:52:35 Warning: Warning (512): <span style="color:Red;text-align:left"><b>SQL Error:</b> 1064: You have an error in your SQL syntax; check the manual that corresponds to your MySQL server version for the right syntax to use near 'del' at line 1</span> in [/home/siteat/public_html/cake/libs/model/datasources/dbo_source.php, line 684]
2011-06-03 15:00:28 Warning: Warning (2): preg_match() [<a href='http://php.net/function.preg-match'>function.preg-match</a>]: Delimiter must not be alphanumeric or backslash in [/home/siteat/public_html/cake/libs/model/model.php, line 2611]
2011-06-03 15:01:41 Warning: Warning (2): preg_match() [<a href='http://php.net/function.preg-match'>function.preg-match</a>]: Delimiter must not be alphanumeric or backslash in [/home/siteat/public_html/cake/libs/model/model.php, line 2611]
2011-06-03 15:06:31 Warning: Warning (512): <span style="color:Red;text-align:left"><b>SQL Error:</b> 1064: You have an error in your SQL syntax; check the manual that corresponds to your MySQL server version for the right syntax to use near 'del' at line 1</span> in [/home/siteat/public_html/cake/libs/model/datasources/dbo_source.php, line 684]
2011-06-03 15:08:17 Warning: Warning (512): <span style="color:Red;text-align:left"><b>SQL Error:</b> 1064: You have an error in your SQL syntax; check the manual that corresponds to your MySQL server version for the right syntax to use near 'del' at line 1</span> in [/home/siteat/public_html/cake/libs/model/datasources/dbo_source.php, line 684]
2011-06-03 15:08:44 Warning: Warning (512): <span style="color:Red;text-align:left"><b>SQL Error:</b> 1064: You have an error in your SQL syntax; check the manual that corresponds to your MySQL server version for the right syntax to use near 'del' at line 1</span> in [/home/siteat/public_html/cake/libs/model/datasources/dbo_source.php, line 684]
2011-06-03 15:08:44 Warning: Warning (2): Invalid argument supplied for foreach() in [/home/siteat/public_html/app/views/paises/delete.ctp, line 7]
2011-06-03 15:10:12 Warning: Warning (512): <span style="color:Red;text-align:left"><b>SQL Error:</b> 1064: You have an error in your SQL syntax; check the manual that corresponds to your MySQL server version for the right syntax to use near 'del' at line 1</span> in [/home/siteat/public_html/cake/libs/model/datasources/dbo_source.php, line 684]
2011-06-03 15:10:42 Warning: Warning (512): <span style="color:Red;text-align:left"><b>SQL Error:</b> 1064: You have an error in your SQL syntax; check the manual that corresponds to your MySQL server version for the right syntax to use near 'del' at line 1</span> in [/home/siteat/public_html/cake/libs/model/datasources/dbo_source.php, line 684]
2011-06-03 17:38:45 Warning: Warning (2): Invalid argument supplied for foreach() in [/home/siteat/public_html/app/views/pages/home.ctp, line 6]
2011-06-04 00:16:50 Warning: Warning (512): <span style="color:Red;text-align:left"><b>SQL Error:</b> 1054: Unknown column 'Provincia.paise_id' in 'on clause'</span> in [/home/siteat/public_html/cake/libs/model/datasources/dbo_source.php, line 684]
2011-06-04 00:16:50 Warning: Warning (2): Invalid argument supplied for foreach() in [/home/siteat/public_html/app/views/provincias/index.ctp, line 6]
2011-06-04 01:16:03 Warning: Warning (2): Invalid argument supplied for foreach() in [/home/siteat/public_html/app/views/paises/view.ctp, line 8]
2011-06-12 15:13:12 Warning: Warning (2): Invalid argument supplied for foreach() in [/home/siteat/public_html/app/views/codigos_postales/index.ctp, line 8]
2011-06-12 15:22:39 Warning: Warning (512): Method HtmlHelper::input does not exist in [/home/siteat/public_html/cake/libs/view/helper.php, line 154]
2011-06-12 15:22:39 Warning: Warning (512): Method HtmlHelper::tagErrorMsg does not exist in [/home/siteat/public_html/cake/libs/view/helper.php, line 154]
2011-06-12 15:22:56 Warning: Warning (512): Method HtmlHelper::tagErrorMsg does not exist in [/home/siteat/public_html/cake/libs/view/helper.php, line 154]
2011-06-12 15:24:58 Warning: Warning (512): Method HtmlHelper::tagErrorMsg does not exist in [/home/siteat/public_html/cake/libs/view/helper.php, line 154]
2011-06-12 15:32:06 Warning: Warning (512): Method HtmlHelper::tagErrorMsg does not exist in [/home/siteat/public_html/cake/libs/view/helper.php, line 154]
2011-06-12 15:32:49 Warning: Warning (512): Method HtmlHelper::tagErrorMsg does not exist in [/home/siteat/public_html/cake/libs/view/helper.php, line 154]
2011-06-12 15:33:17 Warning: Warning (512): Method HtmlHelper::input does not exist in [/home/siteat/public_html/cake/libs/view/helper.php, line 154]
2011-06-12 15:33:17 Warning: Warning (512): Method HtmlHelper::tagErrorMsg does not exist in [/home/siteat/public_html/cake/libs/view/helper.php, line 154]
2011-06-16 17:23:31 Warning: Warning (512): Method HtmlHelper::input does not exist in [/home/siteat/public_html/cake/libs/view/helper.php, line 154]
2011-06-16 17:23:31 Warning: Warning (512): Method HtmlHelper::tagErrorMsg does not exist in [/home/siteat/public_html/cake/libs/view/helper.php, line 154]
2011-06-16 17:25:03 Warning: Warning (512): Method HtmlHelper::input does not exist in [/home/siteat/public_html/cake/libs/view/helper.php, line 154]
2011-06-16 17:25:03 Warning: Warning (512): Method HtmlHelper::tagErrorMsg does not exist in [/home/siteat/public_html/cake/libs/view/helper.php, line 154]
2011-06-16 17:26:08 Warning: Warning (512): Method HtmlHelper::tagErrorMsg does not exist in [/home/siteat/public_html/cake/libs/view/helper.php, line 154]
2011-06-16 18:14:24 Warning: Warning (512): <span style="color:Red;text-align:left"><b>SQL Error:</b> 1052: Column 'id' in where clause is ambiguous</span> in [/home/siteat/public_html/cake/libs/model/datasources/dbo_source.php, line 684]
2011-08-10 10:35:46 Warning: Warning (2): filetype() [<a href='http://php.net/function.filetype'>function.filetype</a>]: Lstat failed for /home/siteat/public_html/app/controllerscodigospostales_controller.php in [/home/siteat/public_html/app/views/layouts/default.ctp, line 48]
2011-08-10 10:35:46 Warning: Warning (2): filetype() [<a href='http://php.net/function.filetype'>function.filetype</a>]: Lstat failed for /home/siteat/public_html/app/controllerscomponents in [/home/siteat/public_html/app/views/layouts/default.ctp, line 48]
2011-08-10 10:35:46 Warning: Warning (2): filetype() [<a href='http://php.net/function.filetype'>function.filetype</a>]: Lstat failed for /home/siteat/public_html/app/controllerspaises_controller.php in [/home/siteat/public_html/app/views/layouts/default.ctp, line 48]
2011-08-10 10:35:46 Warning: Warning (2): filetype() [<a href='http://php.net/function.filetype'>function.filetype</a>]: Lstat failed for /home/siteat/public_html/app/controllersdirecciones_controller.php in [/home/siteat/public_html/app/views/layouts/default.ctp, line 48]
2011-08-10 10:35:46 Warning: Warning (2): filetype() [<a href='http://php.net/function.filetype'>function.filetype</a>]: Lstat failed for /home/siteat/public_html/app/controllers.. in [/home/siteat/public_html/app/views/layouts/default.ctp, line 48]
2011-08-10 10:35:46 Warning: Warning (2): filetype() [<a href='http://php.net/function.filetype'>function.filetype</a>]: Lstat failed for /home/siteat/public_html/app/controllers. in [/home/siteat/public_html/app/views/layouts/default.ctp, line 48]
2011-08-10 10:35:46 Warning: Warning (2): filetype() [<a href='http://php.net/function.filetype'>function.filetype</a>]: Lstat failed for /home/siteat/public_html/app/controllersprovincias_controller.php in [/home/siteat/public_html/app/views/layouts/default.ctp, line 48]
2011-08-10 10:35:46 Warning: Warning (2): filetype() [<a href='http://php.net/function.filetype'>function.filetype</a>]: Lstat failed for /home/siteat/public_html/app/controllerscontactos_controller.php in [/home/siteat/public_html/app/views/layouts/default.ctp, line 48]
2011-08-10 10:36:17 Warning: Warning (2): filetype() [<a href='http://php.net/function.filetype'>function.filetype</a>]: Lstat failed for /home/siteat/public_html/app/controllerscodigospostales_controller.php in [/home/siteat/public_html/app/views/layouts/default.ctp, line 48]
2011-08-10 10:36:17 Warning: Warning (2): filetype() [<a href='http://php.net/function.filetype'>function.filetype</a>]: Lstat failed for /home/siteat/public_html/app/controllerscomponents in [/home/siteat/public_html/app/views/layouts/default.ctp, line 48]
2011-08-10 10:36:17 Warning: Warning (2): filetype() [<a href='http://php.net/function.filetype'>function.filetype</a>]: Lstat failed for /home/siteat/public_html/app/controllerspaises_controller.php in [/home/siteat/public_html/app/views/layouts/default.ctp, line 48]
2011-08-10 10:36:17 Warning: Warning (2): filetype() [<a href='http://php.net/function.filetype'>function.filetype</a>]: Lstat failed for /home/siteat/public_html/app/controllersdirecciones_controller.php in [/home/siteat/public_html/app/views/layouts/default.ctp, line 48]
2011-08-10 10:36:17 Warning: Warning (2): filetype() [<a href='http://php.net/function.filetype'>function.filetype</a>]: Lstat failed for /home/siteat/public_html/app/controllers.. in [/home/siteat/public_html/app/views/layouts/default.ctp, line 48]
2011-08-10 10:36:17 Warning: Warning (2): filetype() [<a href='http://php.net/function.filetype'>function.filetype</a>]: Lstat failed for /home/siteat/public_html/app/controllers. in [/home/siteat/public_html/app/views/layouts/default.ctp, line 48]
2011-08-10 10:36:17 Warning: Warning (2): filetype() [<a href='http://php.net/function.filetype'>function.filetype</a>]: Lstat failed for /home/siteat/public_html/app/controllersprovincias_controller.php in [/home/siteat/public_html/app/views/layouts/default.ctp, line 48]
2011-08-10 10:36:17 Warning: Warning (2): filetype() [<a href='http://php.net/function.filetype'>function.filetype</a>]: Lstat failed for /home/siteat/public_html/app/controllerscontactos_controller.php in [/home/siteat/public_html/app/views/layouts/default.ctp, line 48]
2011-08-10 16:56:30 Warning: Warning (2): array_keys() [<a href='http://php.net/function.array-keys'>function.array-keys</a>]: The first argument should be an array in [/home/siteat/public_html/cake/libs/view/helper.php, line 458]
2011-08-10 16:56:30 Warning: Warning (2): in_array() [<a href='http://php.net/function.in-array'>function.in-array</a>]: Wrong datatype for second argument in [/home/siteat/public_html/cake/libs/view/helper.php, line 458]
2011-08-10 17:02:50 Warning: Warning (2): array_keys() [<a href='http://php.net/function.array-keys'>function.array-keys</a>]: The first argument should be an array in [/home/siteat/public_html/cake/libs/view/helper.php, line 458]
2011-08-10 17:02:50 Warning: Warning (2): in_array() [<a href='http://php.net/function.in-array'>function.in-array</a>]: Wrong datatype for second argument in [/home/siteat/public_html/cake/libs/view/helper.php, line 458]
2011-08-10 17:12:52 Warning: Warning (2): array_keys() [<a href='http://php.net/function.array-keys'>function.array-keys</a>]: The first argument should be an array in [/home/siteat/public_html/cake/libs/view/helper.php, line 458]
2011-08-10 17:12:52 Warning: Warning (2): in_array() [<a href='http://php.net/function.in-array'>function.in-array</a>]: Wrong datatype for second argument in [/home/siteat/public_html/cake/libs/view/helper.php, line 458]
2011-08-10 17:14:56 Warning: Warning (2): preg_match() [<a href='http://php.net/function.preg-match'>function.preg-match</a>]: Delimiter must not be alphanumeric or backslash in [/home/siteat/public_html/cake/libs/inflector.php, line 475]
2011-08-10 17:15:00 Warning: Warning (2): preg_match() [<a href='http://php.net/function.preg-match'>function.preg-match</a>]: Delimiter must not be alphanumeric or backslash in [/home/siteat/public_html/cake/libs/inflector.php, line 475]
2011-08-10 17:15:02 Warning: Warning (2): preg_match() [<a href='http://php.net/function.preg-match'>function.preg-match</a>]: Delimiter must not be alphanumeric or backslash in [/home/siteat/public_html/cake/libs/inflector.php, line 475]
2011-08-10 17:15:02 Warning: Warning (2): preg_match() [<a href='http://php.net/function.preg-match'>function.preg-match</a>]: Delimiter must not be alphanumeric or backslash in [/home/siteat/public_html/cake/libs/inflector.php, line 475]
2011-08-10 17:15:03 Warning: Warning (2): preg_match() [<a href='http://php.net/function.preg-match'>function.preg-match</a>]: Delimiter must not be alphanumeric or backslash in [/home/siteat/public_html/cake/libs/inflector.php, line 475]
2011-08-10 17:15:03 Warning: Warning (2): preg_match() [<a href='http://php.net/function.preg-match'>function.preg-match</a>]: Delimiter must not be alphanumeric or backslash in [/home/siteat/public_html/cake/libs/inflector.php, line 475]
2011-08-10 17:21:04 Warning: Warning (2): preg_match() [<a href='http://php.net/function.preg-match'>function.preg-match</a>]: Delimiter must not be alphanumeric or backslash in [/home/siteat/public_html/cake/libs/inflector.php, line 475]
2011-08-10 17:21:04 Warning: Warning (2): Cannot modify header information - headers already sent by (output started at /home/siteat/public_html/cake/libs/debugger.php:673) in [/home/siteat/public_html/cake/libs/controller/controller.php, line 742]
2011-08-10 17:21:10 Warning: Warning (2): preg_match() [<a href='http://php.net/function.preg-match'>function.preg-match</a>]: Delimiter must not be alphanumeric or backslash in [/home/siteat/public_html/cake/libs/inflector.php, line 475]
2011-08-10 17:21:10 Warning: Warning (2): Cannot modify header information - headers already sent by (output started at /home/siteat/public_html/cake/libs/debugger.php:673) in [/home/siteat/public_html/cake/libs/controller/controller.php, line 742]
2011-08-10 17:21:15 Warning: Warning (2): preg_match() [<a href='http://php.net/function.preg-match'>function.preg-match</a>]: Delimiter must not be alphanumeric or backslash in [/home/siteat/public_html/cake/libs/inflector.php, line 475]
2011-08-10 17:21:15 Warning: Warning (2): Cannot modify header information - headers already sent by (output started at /home/siteat/public_html/cake/libs/debugger.php:673) in [/home/siteat/public_html/cake/libs/controller/controller.php, line 742]
2011-08-10 17:22:22 Warning: Warning (2): preg_match() [<a href='http://php.net/function.preg-match'>function.preg-match</a>]: Delimiter must not be alphanumeric or backslash in [/home/siteat/public_html/cake/libs/inflector.php, line 475]
2011-08-10 17:22:26 Warning: Warning (2): preg_match() [<a href='http://php.net/function.preg-match'>function.preg-match</a>]: Delimiter must not be alphanumeric or backslash in [/home/siteat/public_html/cake/libs/inflector.php, line 475]
2011-08-10 17:22:29 Warning: Warning (2): preg_match() [<a href='http://php.net/function.preg-match'>function.preg-match</a>]: Delimiter must not be alphanumeric or backslash in [/home/siteat/public_html/cake/libs/inflector.php, line 475]
2011-08-10 17:24:00 Warning: Warning (2): preg_match() [<a href='http://php.net/function.preg-match'>function.preg-match</a>]: Delimiter must not be alphanumeric or backslash in [/home/siteat/public_html/cake/libs/inflector.php, line 475]
2011-08-10 17:32:46 Warning: Warning (2): array_keys() [<a href='http://php.net/function.array-keys'>function.array-keys</a>]: The first argument should be an array in [/home/siteat/public_html/cake/libs/view/helper.php, line 458]
2011-08-10 17:32:46 Warning: Warning (2): in_array() [<a href='http://php.net/function.in-array'>function.in-array</a>]: Wrong datatype for second argument in [/home/siteat/public_html/cake/libs/view/helper.php, line 458]
2011-08-10 17:33:20 Warning: Warning (2): array_keys() [<a href='http://php.net/function.array-keys'>function.array-keys</a>]: The first argument should be an array in [/home/siteat/public_html/cake/libs/view/helper.php, line 458]
2011-08-10 17:33:20 Warning: Warning (2): in_array() [<a href='http://php.net/function.in-array'>function.in-array</a>]: Wrong datatype for second argument in [/home/siteat/public_html/cake/libs/view/helper.php, line 458]
2011-08-10 17:48:13 Warning: Warning (512): <span style="color:Red;text-align:left"><b>SQL Error:</b> 1054: Unknown column 'CodigoPostal.provincia_id' in 'on clause'</span> in [/home/siteat/public_html/cake/libs/model/datasources/dbo_source.php, line 684]
2011-08-10 17:48:13 Warning: Warning (2): Invalid argument supplied for foreach() in [/home/siteat/public_html/cake/libs/view/scaffolds/index.ctp, line 31]
2011-08-10 17:48:40 Warning: Warning (2): array_keys() [<a href='http://php.net/function.array-keys'>function.array-keys</a>]: The first argument should be an array in [/home/siteat/public_html/cake/libs/view/helper.php, line 458]
2011-08-10 17:48:40 Warning: Warning (2): in_array() [<a href='http://php.net/function.in-array'>function.in-array</a>]: Wrong datatype for second argument in [/home/siteat/public_html/cake/libs/view/helper.php, line 458]
2011-08-10 17:48:50 Warning: Warning (2): array_keys() [<a href='http://php.net/function.array-keys'>function.array-keys</a>]: The first argument should be an array in [/home/siteat/public_html/cake/libs/view/helper.php, line 458]
2011-08-10 17:48:50 Warning: Warning (2): in_array() [<a href='http://php.net/function.in-array'>function.in-array</a>]: Wrong datatype for second argument in [/home/siteat/public_html/cake/libs/view/helper.php, line 458]
2011-08-10 17:49:17 Warning: Warning (2): array_keys() [<a href='http://php.net/function.array-keys'>function.array-keys</a>]: The first argument should be an array in [/home/siteat/public_html/cake/libs/view/helper.php, line 458]
2011-08-10 17:49:17 Warning: Warning (2): in_array() [<a href='http://php.net/function.in-array'>function.in-array</a>]: Wrong datatype for second argument in [/home/siteat/public_html/cake/libs/view/helper.php, line 458]
2011-08-10 17:50:58 Warning: Warning (2): array_keys() [<a href='http://php.net/function.array-keys'>function.array-keys</a>]: The first argument should be an array in [/home/siteat/public_html/cake/libs/view/helper.php, line 458]
2011-08-10 17:50:58 Warning: Warning (2): in_array() [<a href='http://php.net/function.in-array'>function.in-array</a>]: Wrong datatype for second argument in [/home/siteat/public_html/cake/libs/view/helper.php, line 458]
2011-08-10 17:56:37 Warning: Warning (2): array_keys() [<a href='http://php.net/function.array-keys'>function.array-keys</a>]: The first argument should be an array in [/home/siteat/public_html/cake/libs/view/helper.php, line 458]
2011-08-10 17:56:37 Warning: Warning (2): in_array() [<a href='http://php.net/function.in-array'>function.in-array</a>]: Wrong datatype for second argument in [/home/siteat/public_html/cake/libs/view/helper.php, line 458]
2011-08-10 18:25:46 Warning: Warning (2): array_keys() [<a href='http://php.net/function.array-keys'>function.array-keys</a>]: The first argument should be an array in [/home/siteat/public_html/cake/libs/view/helper.php, line 458]
2011-08-10 18:25:46 Warning: Warning (2): in_array() [<a href='http://php.net/function.in-array'>function.in-array</a>]: Wrong datatype for second argument in [/home/siteat/public_html/cake/libs/view/helper.php, line 458]
2011-08-10 18:25:48 Warning: Warning (512): <span style="color:Red;text-align:left"><b>SQL Error:</b> 1054: Unknown column 'Ciudad.codigopostal_id' in 'on clause'</span> in [/home/siteat/public_html/cake/libs/model/datasources/dbo_source.php, line 684]
2011-08-10 18:25:48 Warning: Warning (2): Invalid argument supplied for foreach() in [/home/siteat/public_html/cake/libs/view/scaffolds/index.ctp, line 31]
2011-08-10 18:25:56 Warning: Warning (512): <span style="color:Red;text-align:left"><b>SQL Error:</b> 1054: Unknown column 'Ciudad.codigopostal_id' in 'on clause'</span> in [/home/siteat/public_html/cake/libs/model/datasources/dbo_source.php, line 684]
2011-08-10 18:25:56 Warning: Warning (2): Invalid argument supplied for foreach() in [/home/siteat/public_html/cake/libs/view/scaffolds/index.ctp, line 31]
2011-08-10 18:26:12 Warning: Warning (512): <span style="color:Red;text-align:left"><b>SQL Error:</b> 1054: Unknown column 'Ciudad.codigopostal_id' in 'on clause'</span> in [/home/siteat/public_html/cake/libs/model/datasources/dbo_source.php, line 684]
2011-08-10 18:26:12 Warning: Warning (2): Invalid argument supplied for foreach() in [/home/siteat/public_html/cake/libs/view/scaffolds/index.ctp, line 31]
2011-08-10 18:26:21 Warning: Warning (512): <span style="color:Red;text-align:left"><b>SQL Error:</b> 1054: Unknown column 'Ciudad.codigopostal_id' in 'on clause'</span> in [/home/siteat/public_html/cake/libs/model/datasources/dbo_source.php, line 684]
2011-08-10 18:26:21 Warning: Warning (2): Invalid argument supplied for foreach() in [/home/siteat/public_html/cake/libs/view/scaffolds/index.ctp, line 31]
2011-08-10 18:26:24 Warning: Warning (512): <span style="color:Red;text-align:left"><b>SQL Error:</b> 1054: Unknown column 'Ciudad.codigopostal_id' in 'on clause'</span> in [/home/siteat/public_html/cake/libs/model/datasources/dbo_source.php, line 684]
2011-08-10 18:26:24 Warning: Warning (2): Invalid argument supplied for foreach() in [/home/siteat/public_html/cake/libs/view/scaffolds/index.ctp, line 31]
2011-08-10 18:27:02 Warning: Warning (2): array_keys() [<a href='http://php.net/function.array-keys'>function.array-keys</a>]: The first argument should be an array in [/home/siteat/public_html/cake/libs/view/helper.php, line 458]
2011-08-10 18:27:02 Warning: Warning (2): in_array() [<a href='http://php.net/function.in-array'>function.in-array</a>]: Wrong datatype for second argument in [/home/siteat/public_html/cake/libs/view/helper.php, line 458]
2011-08-10 18:45:47 Warning: Warning (2): array_keys() [<a href='http://php.net/function.array-keys'>function.array-keys</a>]: The first argument should be an array in [/home/siteat/public_html/cake/libs/view/helper.php, line 458]
2011-08-10 18:45:47 Warning: Warning (2): in_array() [<a href='http://php.net/function.in-array'>function.in-array</a>]: Wrong datatype for second argument in [/home/siteat/public_html/cake/libs/view/helper.php, line 458]
2011-08-10 18:54:42 Warning: Warning (512): <span style="color:Red;text-align:left"><b>SQL Error:</b> 1054: Unknown column 'Ciudad.cpostal_id' in 'on clause'</span> in [/home/siteat/public_html/cake/libs/model/datasources/dbo_source.php, line 684]
2011-08-10 18:54:42 Warning: Warning (2): Invalid argument supplied for foreach() in [/home/siteat/public_html/cake/libs/view/scaffolds/index.ctp, line 31]
2011-08-10 19:02:52 Warning: Warning (2): Cannot modify header information - headers already sent by (output started at /home/siteat/public_html/cake/libs/debugger.php:673) in [/home/siteat/public_html/cake/libs/controller/controller.php, line 742]
2011-08-10 19:03:07 Warning: Warning (2): Cannot modify header information - headers already sent by (output started at /home/siteat/public_html/cake/libs/debugger.php:673) in [/home/siteat/public_html/cake/libs/controller/controller.php, line 742]
2011-08-10 19:03:50 Warning: Warning (2): Cannot modify header information - headers already sent by (output started at /home/siteat/public_html/cake/libs/debugger.php:673) in [/home/siteat/public_html/cake/libs/controller/controller.php, line 742]
2011-08-11 00:25:45 Warning: Warning (512): <span style="color:Red;text-align:left"><b>SQL Error:</b> 1054: Unknown column 'Cpostal.ciudad_id' in 'field list'</span> in [/home/siteat/public_html/cake/libs/model/datasources/dbo_source.php, line 684]
2011-08-11 00:25:45 Warning: Warning (2): Invalid argument supplied for foreach() in [/home/siteat/public_html/cake/libs/model/datasources/dbo_source.php, line 1098]
2011-08-11 00:39:19 Warning: Warning (512): <span style="color:Red;text-align:left"><b>SQL Error:</b> 1054: Unknown column 'Email.tcontacto_id' in 'on clause'</span> in [/home/siteat/public_html/cake/libs/model/datasources/dbo_source.php, line 684]
2011-08-11 00:39:19 Warning: Warning (2): Invalid argument supplied for foreach() in [/home/siteat/public_html/cake/libs/view/scaffolds/index.ctp, line 31]
2011-08-11 14:52:00 Warning: Warning (512): <span style="color:Red;text-align:left"><b>SQL Error:</b> 1054: Unknown column 'Ciudad.pais_id' in 'on clause'</span> in [/home/siteat/public_html/cake/libs/model/datasources/dbo_source.php, line 684]
2011-08-11 14:52:00 Warning: Warning (2): Invalid argument supplied for foreach() in [/home/siteat/public_html/cake/libs/view/scaffolds/index.ctp, line 31]
2011-08-11 14:53:01 Warning: Warning (512): <span style="color:Red;text-align:left"><b>SQL Error:</b> 1054: Unknown column 'Ciudad.pais_id' in 'on clause'</span> in [/home/siteat/public_html/cake/libs/model/datasources/dbo_source.php, line 684]
2011-08-11 14:53:01 Warning: Warning (2): Invalid argument supplied for foreach() in [/home/siteat/public_html/cake/libs/view/scaffolds/index.ctp, line 31]
2011-08-11 15:23:14 Warning: Warning (2): array_keys() [<a href='http://php.net/function.array-keys'>function.array-keys</a>]: The first argument should be an array in [/home/siteat/public_html/cake/libs/view/helper.php, line 458]
2011-08-11 15:23:14 Warning: Warning (2): in_array() [<a href='http://php.net/function.in-array'>function.in-array</a>]: Wrong datatype for second argument in [/home/siteat/public_html/cake/libs/view/helper.php, line 458]
2011-08-11 15:42:28 Warning: Warning (512): <span style="color:Red;text-align:left"><b>SQL Error:</b> 1054: Unknown column 'Sweb.tcontacto_id' in 'on clause'</span> in [/home/siteat/public_html/cake/libs/model/datasources/dbo_source.php, line 684]
2011-08-11 15:42:28 Warning: Warning (2): Invalid argument supplied for foreach() in [/home/siteat/public_html/cake/libs/view/scaffolds/index.ctp, line 31]
2011-08-11 15:56:50 Warning: Warning (512): <span style="color:Red;text-align:left"><b>SQL Error:</b> 1054: Unknown column 'Contacto.direccion_id' in 'on clause'</span> in [/home/siteat/public_html/cake/libs/model/datasources/dbo_source.php, line 684]
2011-08-11 15:56:50 Warning: Warning (2): Invalid argument supplied for foreach() in [/home/siteat/public_html/cake/libs/view/scaffolds/index.ctp, line 31]
2011-08-11 15:57:17 Warning: Warning (512): <span style="color:Red;text-align:left"><b>SQL Error:</b> 1054: Unknown column 'Contacto.direccion_id' in 'on clause'</span> in [/home/siteat/public_html/cake/libs/model/datasources/dbo_source.php, line 684]
2011-08-11 15:57:17 Warning: Warning (2): Invalid argument supplied for foreach() in [/home/siteat/public_html/cake/libs/view/scaffolds/index.ctp, line 31]
2011-08-11 16:50:29 Warning: Warning (512): <span style="color:Red;text-align:left"><b>SQL Error:</b> 1054: Unknown column 'Direccion.direccion_id' in 'field list'</span> in [/home/siteat/public_html/cake/libs/model/datasources/dbo_source.php, line 684]
2011-08-11 17:16:14 Warning: Warning (2): Cannot modify header information - headers already sent by (output started at /home/siteat/public_html/app/controllers/users_controller.php:58) in [/home/siteat/public_html/cake/libs/controller/controller.php, line 742]
2011-08-11 17:17:06 Warning: Warning (2): Cannot modify header information - headers already sent by (output started at /home/siteat/public_html/app/controllers/users_controller.php:58) in [/home/siteat/public_html/cake/libs/controller/controller.php, line 742]
2011-08-11 17:20:16 Warning: Warning (2): Cannot modify header information - headers already sent by (output started at /home/siteat/public_html/app/controllers/users_controller.php:58) in [/home/siteat/public_html/cake/libs/controller/controller.php, line 742]
2011-08-11 17:21:59 Warning: Warning (2): Cannot modify header information - headers already sent by (output started at /home/siteat/public_html/app/controllers/users_controller.php:53) in [/home/siteat/public_html/cake/libs/controller/controller.php, line 742]
2011-08-11 17:23:45 Warning: Warning (2): Cannot modify header information - headers already sent by (output started at /home/siteat/public_html/app/controllers/users_controller.php:53) in [/home/siteat/public_html/cake/libs/controller/controller.php, line 742]
2011-08-12 11:18:08 Warning: Warning (2): Cannot modify header information - headers already sent by (output started at /home/siteat/public_html/app/controllers/users_controller.php:53) in [/home/siteat/public_html/cake/libs/controller/controller.php, line 742]
2011-08-12 12:33:58 Warning: Warning (512): <span style="color:Red;text-align:left"><b>SQL Error:</b> 1054: Unknown column 'Contacto.contacto' in 'order clause'</span> in [/home/siteat/public_html/cake/libs/model/datasources/dbo_source.php, line 684]
2011-08-12 17:18:27 Warning: Warning (512): <span style="color:Red;text-align:left"><b>SQL Error:</b> 1110: Column 'id' specified twice</span> in [/home/siteat/public_html/cake/libs/model/datasources/dbo_source.php, line 684]
2011-08-12 17:18:27 Warning: Warning (2): Cannot modify header information - headers already sent by (output started at /home/siteat/public_html/cake/libs/debugger.php:673) in [/home/siteat/public_html/cake/libs/controller/controller.php, line 742]
2011-08-13 12:02:02 Warning: Warning (512): <span style="color:Red;text-align:left"><b>SQL Error:</b> 1054: Unknown column 'Cliente.tcontacto_id' in 'on clause'</span> in [/home/siteat/public_html/cake/libs/model/datasources/dbo_source.php, line 684]
2011-08-13 12:02:02 Warning: Warning (2): Invalid argument supplied for foreach() in [/home/siteat/public_html/cake/libs/view/scaffolds/index.ctp, line 31]
2011-08-13 12:05:53 Warning: Warning (512): <span style="color:Red;text-align:left"><b>SQL Error:</b> 1066: Not unique table/alias: 'Contacto'</span> in [/home/siteat/public_html/cake/libs/model/datasources/dbo_source.php, line 684]
2011-08-13 12:05:53 Warning: Warning (2): Invalid argument supplied for foreach() in [/home/siteat/public_html/cake/libs/view/scaffolds/index.ctp, line 31]
2011-08-13 12:05:55 Warning: Warning (512): <span style="color:Red;text-align:left"><b>SQL Error:</b> 1066: Not unique table/alias: 'Contacto'</span> in [/home/siteat/public_html/cake/libs/model/datasources/dbo_source.php, line 684]
2011-08-13 12:05:55 Warning: Warning (2): Invalid argument supplied for foreach() in [/home/siteat/public_html/cake/libs/view/scaffolds/index.ctp, line 31]
2011-08-13 12:07:04 Warning: Warning (512): <span style="color:Red;text-align:left"><b>SQL Error:</b> 1054: Unknown column 'tdocumento' in 'order clause'</span> in [/home/siteat/public_html/cake/libs/model/datasources/dbo_source.php, line 684]
2011-08-13 12:07:04 Warning: Warning (2): Invalid argument supplied for foreach() in [/home/siteat/public_html/cake/libs/view/scaffolds/index.ctp, line 31]
2011-08-13 12:07:18 Warning: Warning (512): <span style="color:Red;text-align:left"><b>SQL Error:</b> 1054: Unknown column 'Tdocumento.tdocumento' in 'order clause'</span> in [/home/siteat/public_html/cake/libs/model/datasources/dbo_source.php, line 684]
2011-08-13 12:07:18 Warning: Warning (2): Invalid argument supplied for foreach() in [/home/siteat/public_html/cake/libs/view/scaffolds/index.ctp, line 31]
2011-08-13 12:07:27 Warning: Warning (512): <span style="color:Red;text-align:left"><b>SQL Error:</b> 1054: Unknown column 'Tdocumento.tdocumento' in 'order clause'</span> in [/home/siteat/public_html/cake/libs/model/datasources/dbo_source.php, line 684]
2011-08-13 12:07:27 Warning: Warning (2): Invalid argument supplied for foreach() in [/home/siteat/public_html/cake/libs/view/scaffolds/index.ctp, line 31]
2011-08-13 12:11:04 Warning: Warning (512): <span style="color:Red;text-align:left"><b>SQL Error:</b> 1066: Not unique table/alias: 'Contacto'</span> in [/home/siteat/public_html/cake/libs/model/datasources/dbo_source.php, line 684]
2011-08-13 12:11:04 Warning: Warning (2): Invalid argument supplied for foreach() in [/home/siteat/public_html/cake/libs/view/scaffolds/index.ctp, line 31]
2011-08-13 12:12:36 Warning: Warning (512): <span style="color:Red;text-align:left"><b>SQL Error:</b> 1066: Not unique table/alias: 'Contacto'</span> in [/home/siteat/public_html/cake/libs/model/datasources/dbo_source.php, line 684]
2011-08-13 12:12:36 Warning: Warning (2): Invalid argument supplied for foreach() in [/home/siteat/public_html/cake/libs/view/scaffolds/index.ctp, line 31]
2011-08-13 12:13:44 Warning: Warning (512): <span style="color:Red;text-align:left"><b>SQL Error:</b> 1054: Unknown column 'Cliente.tcontacto_id' in 'on clause'</span> in [/home/siteat/public_html/cake/libs/model/datasources/dbo_source.php, line 684]
2011-08-13 12:13:44 Warning: Warning (2): Invalid argument supplied for foreach() in [/home/siteat/public_html/cake/libs/view/scaffolds/index.ctp, line 31]
2011-08-13 12:14:23 Warning: Warning (512): <span style="color:Red;text-align:left"><b>SQL Error:</b> 1054: Unknown column 'Cliente.tdocumento_id' in 'on clause'</span> in [/home/siteat/public_html/cake/libs/model/datasources/dbo_source.php, line 684]
2011-08-13 12:14:23 Warning: Warning (2): Invalid argument supplied for foreach() in [/home/siteat/public_html/cake/libs/view/scaffolds/index.ctp, line 31]
2011-08-13 12:14:45 Warning: Warning (512): <span style="color:Red;text-align:left"><b>SQL Error:</b> 1054: Unknown column 'Contacto.nombre' in 'order clause'</span> in [/home/siteat/public_html/cake/libs/model/datasources/dbo_source.php, line 684]
2011-08-13 12:14:45 Warning: Warning (2): Invalid argument supplied for foreach() in [/home/siteat/public_html/cake/libs/view/scaffolds/index.ctp, line 31]
2011-08-13 12:19:39 Warning: Warning (512): <span style="color:Red;text-align:left"><b>SQL Error:</b> 1054: Unknown column 'Empresa.iibb_id' in 'on clause'</span> in [/home/siteat/public_html/cake/libs/model/datasources/dbo_source.php, line 684]
2011-08-13 12:19:40 Warning: Warning (2): Invalid argument supplied for foreach() in [/home/siteat/public_html/cake/libs/view/scaffolds/index.ctp, line 31]
2011-08-15 11:06:33 Warning: Warning (512): <span style="color:Red;text-align:left"><b>SQL Error:</b> 1146: Table 'siteat_siteat.fjuridicas' doesn't exist</span> in [/home/siteat/public_html/cake/libs/model/datasources/dbo_source.php, line 684]
2011-08-15 11:06:33 Warning: Warning (2): Invalid argument supplied for foreach() in [/home/siteat/public_html/cake/libs/model/datasources/dbo/dbo_mysql.php, line 127]
2011-08-15 11:06:33 Warning: Warning (2): array_keys() [<a href='http://php.net/function.array-keys'>function.array-keys</a>]: The first argument should be an array in [/home/siteat/public_html/cake/libs/model/datasources/dbo_source.php, line 1953]
2011-08-15 11:06:33 Warning: Warning (2): array_keys() [<a href='http://php.net/function.array-keys'>function.array-keys</a>]: The first argument should be an array in [/home/siteat/public_html/cake/libs/model/datasources/dbo_source.php, line 1966]
2011-08-15 11:06:33 Warning: Warning (2): array_filter() [<a href='http://php.net/function.array-filter'>function.array-filter</a>]: The first argument should be an array in [/home/siteat/public_html/cake/libs/model/datasources/dbo_source.php, line 1970]
2011-08-15 11:06:33 Warning: Warning (2): array_values() [<a href='http://php.net/function.array-values'>function.array-values</a>]: The argument should be an array in [/home/siteat/public_html/cake/libs/model/datasources/dbo_source.php, line 1970]
2011-08-15 11:06:33 Warning: Warning (2): array_unique() [<a href='http://php.net/function.array-unique'>function.array-unique</a>]: The argument should be an array in [/home/siteat/public_html/cake/libs/model/datasources/dbo_source.php, line 2052]
2011-08-15 11:06:33 Warning: Warning (2): array_merge() [<a href='http://php.net/function.array-merge'>function.array-merge</a>]: Argument #2 is not an array in [/home/siteat/public_html/cake/libs/model/datasources/dbo_source.php, line 1305]
2011-08-15 11:06:33 Warning: Warning (2): Invalid argument supplied for foreach() in [/home/siteat/public_html/cake/libs/view/scaffolds/index.ctp, line 31]
2011-08-15 11:06:44 Warning: Warning (512): <span style="color:Red;text-align:left"><b>SQL Error:</b> 1146: Table 'siteat_siteat.fjuridicas' doesn't exist</span> in [/home/siteat/public_html/cake/libs/model/datasources/dbo_source.php, line 684]
2011-08-15 11:06:44 Warning: Warning (2): Invalid argument supplied for foreach() in [/home/siteat/public_html/cake/libs/model/datasources/dbo/dbo_mysql.php, line 127]
2011-08-15 11:12:22 Warning: Warning (512): <span style="color:Red;text-align:left"><b>SQL Error:</b> 1054: Unknown column 'Cliente.fjuridica_id' in 'on clause'</span> in [/home/siteat/public_html/cake/libs/model/datasources/dbo_source.php, line 684]
2011-08-15 11:12:22 Warning: Warning (2): Invalid argument supplied for foreach() in [/home/siteat/public_html/cake/libs/view/scaffolds/index.ctp, line 31]
2011-08-15 11:13:10 Warning: Warning (512): <span style="color:Red;text-align:left"><b>SQL Error:</b> 1054: Unknown column 'Cliente.fjuridica_id' in 'on clause'</span> in [/home/siteat/public_html/cake/libs/model/datasources/dbo_source.php, line 684]
2011-08-15 11:13:10 Warning: Warning (2): Invalid argument supplied for foreach() in [/home/siteat/public_html/cake/libs/view/scaffolds/index.ctp, line 31]
2011-08-15 20:03:19 Warning: Warning (512): Method HtmlHelper::js does not exist in [/home/siteat/public_html/cake/libs/view/helper.php, line 154]
2011-08-15 20:03:29 Warning: Warning (512): Method HtmlHelper::javascript does not exist in [/home/siteat/public_html/cake/libs/view/helper.php, line 154]
2011-08-15 20:05:03 Warning: Warning (512): Method HtmlHelper::javascript does not exist in [/home/siteat/public_html/cake/libs/view/helper.php, line 154]
